{"D:\\AI生成项目\\24漂流瓶\\server\\config\\db.js": {"path":"D:\\AI生成项目\\24漂流瓶\\server\\config\\db.js","statementMap":{"0":{"start":{"line":1,"column":14},"end":{"line":1,"column":39}},"1":{"start":{"line":2,"column":0},"end":{"line":2,"column":27}},"2":{"start":{"line":4,"column":13},"end":{"line":12,"column":2}},"3":{"start":{"line":14,"column":0},"end":{"line":14,"column":22}}},"fnMap":{},"branchMap":{},"s":{"0":1,"1":1,"2":1,"3":1},"f":{},"b":{},"_coverageSchema":"1a1c01bbd47fc00a2c39e90264f33305004495a9","hash":"b66030ffcec0443df5c7ecdc364a4e1233eee172"}
,"D:\\AI生成项目\\24漂流瓶\\server\\routes\\bottle.js": {"path":"D:\\AI生成项目\\24漂流瓶\\server\\routes\\bottle.js","statementMap":{"0":{"start":{"line":1,"column":16},"end":{"line":1,"column":34}},"1":{"start":{"line":2,"column":15},"end":{"line":2,"column":31}},"2":{"start":{"line":3,"column":15},"end":{"line":3,"column":32}},"3":{"start":{"line":4,"column":13},"end":{"line":4,"column":28}},"4":{"start":{"line":5,"column":13},"end":{"line":5,"column":36}},"5":{"start":{"line":6,"column":43},"end":{"line":6,"column":69}},"6":{"start":{"line":7,"column":42},"end":{"line":7,"column":74}},"7":{"start":{"line":8,"column":47},"end":{"line":8,"column":82}},"8":{"start":{"line":10,"column":20},"end":{"line":10,"column":22}},"9":{"start":{"line":11,"column":34},"end":{"line":11,"column":35}},"10":{"start":{"line":12,"column":25},"end":{"line":12,"column":27}},"11":{"start":{"line":13,"column":22},"end":{"line":13,"column":24}},"12":{"start":{"line":15,"column":19},"end":{"line":15,"column":67}},"13":{"start":{"line":17,"column":22},"end":{"line":25,"column":2}},"14":{"start":{"line":19,"column":4},"end":{"line":19,"column":63}},"15":{"start":{"line":22,"column":16},"end":{"line":22,"column":47}},"16":{"start":{"line":23,"column":4},"end":{"line":23,"column":55}},"17":{"start":{"line":27,"column":21},"end":{"line":38,"column":2}},"18":{"start":{"line":31,"column":25},"end":{"line":31,"column":79}},"19":{"start":{"line":32,"column":4},"end":{"line":36,"column":5}},"20":{"start":{"line":33,"column":6},"end":{"line":33,"column":21}},"21":{"start":{"line":35,"column":6},"end":{"line":35,"column":50}},"22":{"start":{"line":41,"column":12},"end":{"line":41,"column":30}},"23":{"start":{"line":42,"column":2},"end":{"line":42,"column":115}},"24":{"start":{"line":46,"column":17},"end":{"line":49,"column":3}},"25":{"start":{"line":50,"column":2},"end":{"line":56,"column":3}},"26":{"start":{"line":51,"column":15},"end":{"line":51,"column":29}},"27":{"start":{"line":52,"column":4},"end":{"line":55,"column":6}},"28":{"start":{"line":60,"column":17},"end":{"line":63,"column":3}},"29":{"start":{"line":64,"column":2},"end":{"line":64,"column":45}},"30":{"start":{"line":68,"column":13},"end":{"line":68,"column":25}},"31":{"start":{"line":69,"column":2},"end":{"line":72,"column":4}},"32":{"start":{"line":73,"column":19},"end":{"line":73,"column":33}},"33":{"start":{"line":74,"column":2},"end":{"line":77,"column":4}},"34":{"start":{"line":80,"column":0},"end":{"line":100,"column":3}},"35":{"start":{"line":81,"column":2},"end":{"line":99,"column":3}},"36":{"start":{"line":82,"column":19},"end":{"line":82,"column":34}},"37":{"start":{"line":83,"column":18},"end":{"line":83,"column":35}},"38":{"start":{"line":85,"column":23},"end":{"line":85,"column":72}},"39":{"start":{"line":86,"column":22},"end":{"line":86,"column":70}},"40":{"start":{"line":88,"column":4},"end":{"line":95,"column":16}},"41":{"start":{"line":97,"column":4},"end":{"line":97,"column":38}},"42":{"start":{"line":98,"column":4},"end":{"line":98,"column":68}},"43":{"start":{"line":102,"column":0},"end":{"line":123,"column":3}},"44":{"start":{"line":103,"column":2},"end":{"line":122,"column":5}},"45":{"start":{"line":104,"column":4},"end":{"line":109,"column":5}},"46":{"start":{"line":105,"column":6},"end":{"line":107,"column":7}},"47":{"start":{"line":106,"column":8},"end":{"line":106,"column":82}},"48":{"start":{"line":108,"column":6},"end":{"line":108,"column":88}},"49":{"start":{"line":111,"column":4},"end":{"line":113,"column":5}},"50":{"start":{"line":112,"column":6},"end":{"line":112,"column":74}},"51":{"start":{"line":115,"column":4},"end":{"line":121,"column":5}},"52":{"start":{"line":116,"column":23},"end":{"line":116,"column":62}},"53":{"start":{"line":117,"column":6},"end":{"line":117,"column":63}},"54":{"start":{"line":119,"column":6},"end":{"line":119,"column":38}},"55":{"start":{"line":120,"column":6},"end":{"line":120,"column":68}},"56":{"start":{"line":125,"column":0},"end":{"line":202,"column":3}},"57":{"start":{"line":126,"column":15},"end":{"line":126,"column":41}},"58":{"start":{"line":127,"column":2},"end":{"line":201,"column":3}},"59":{"start":{"line":128,"column":4},"end":{"line":128,"column":34}},"60":{"start":{"line":130,"column":81},"end":{"line":130,"column":89}},"61":{"start":{"line":131,"column":21},"end":{"line":131,"column":36}},"62":{"start":{"line":133,"column":4},"end":{"line":136,"column":5}},"63":{"start":{"line":134,"column":6},"end":{"line":134,"column":28}},"64":{"start":{"line":135,"column":6},"end":{"line":135,"column":75}},"65":{"start":{"line":138,"column":4},"end":{"line":141,"column":5}},"66":{"start":{"line":139,"column":6},"end":{"line":139,"column":28}},"67":{"start":{"line":140,"column":6},"end":{"line":140,"column":73}},"68":{"start":{"line":143,"column":4},"end":{"line":146,"column":5}},"69":{"start":{"line":144,"column":6},"end":{"line":144,"column":28}},"70":{"start":{"line":145,"column":6},"end":{"line":145,"column":75}},"71":{"start":{"line":148,"column":28},"end":{"line":148,"column":72}},"72":{"start":{"line":149,"column":28},"end":{"line":149,"column":72}},"73":{"start":{"line":151,"column":4},"end":{"line":154,"column":5}},"74":{"start":{"line":152,"column":6},"end":{"line":152,"column":28}},"75":{"start":{"line":153,"column":6},"end":{"line":153,"column":81}},"76":{"start":{"line":156,"column":18},"end":{"line":156,"column":35}},"77":{"start":{"line":157,"column":4},"end":{"line":157,"column":43}},"78":{"start":{"line":158,"column":23},"end":{"line":158,"column":74}},"79":{"start":{"line":160,"column":4},"end":{"line":163,"column":5}},"80":{"start":{"line":161,"column":6},"end":{"line":161,"column":28}},"81":{"start":{"line":162,"column":6},"end":{"line":162,"column":103}},"82":{"start":{"line":165,"column":21},"end":{"line":165,"column":35}},"83":{"start":{"line":167,"column":4},"end":{"line":171,"column":6}},"84":{"start":{"line":173,"column":4},"end":{"line":176,"column":6}},"85":{"start":{"line":178,"column":4},"end":{"line":181,"column":13}},"86":{"start":{"line":183,"column":4},"end":{"line":183,"column":24}},"87":{"start":{"line":185,"column":4},"end":{"line":195,"column":18}},"88":{"start":{"line":197,"column":4},"end":{"line":197,"column":35}},"89":{"start":{"line":198,"column":4},"end":{"line":198,"column":65}},"90":{"start":{"line":200,"column":4},"end":{"line":200,"column":19}},"91":{"start":{"line":205,"column":21},"end":{"line":205,"column":97}},"92":{"start":{"line":206,"column":17},"end":{"line":206,"column":55}},"93":{"start":{"line":208,"column":2},"end":{"line":220,"column":3}},"94":{"start":{"line":209,"column":4},"end":{"line":212,"column":5}},"95":{"start":{"line":210,"column":6},"end":{"line":210,"column":97}},"96":{"start":{"line":211,"column":6},"end":{"line":211,"column":44}},"97":{"start":{"line":214,"column":4},"end":{"line":219,"column":5}},"98":{"start":{"line":215,"column":6},"end":{"line":215,"column":77}},"99":{"start":{"line":216,"column":6},"end":{"line":216,"column":34}},"100":{"start":{"line":217,"column":6},"end":{"line":217,"column":77}},"101":{"start":{"line":218,"column":6},"end":{"line":218,"column":34}},"102":{"start":{"line":222,"column":2},"end":{"line":270,"column":3}},"103":{"start":{"line":223,"column":4},"end":{"line":226,"column":5}},"104":{"start":{"line":224,"column":6},"end":{"line":224,"column":35}},"105":{"start":{"line":225,"column":6},"end":{"line":225,"column":31}},"106":{"start":{"line":228,"column":4},"end":{"line":238,"column":5}},"107":{"start":{"line":229,"column":24},"end":{"line":234,"column":7}},"108":{"start":{"line":235,"column":26},"end":{"line":235,"column":69}},"109":{"start":{"line":236,"column":6},"end":{"line":236,"column":38}},"110":{"start":{"line":237,"column":6},"end":{"line":237,"column":31}},"111":{"start":{"line":240,"column":25},"end":{"line":241,"column":105}},"112":{"start":{"line":243,"column":4},"end":{"line":258,"column":5}},"113":{"start":{"line":244,"column":6},"end":{"line":249,"column":7}},"114":{"start":{"line":245,"column":28},"end":{"line":245,"column":38}},"115":{"start":{"line":246,"column":8},"end":{"line":246,"column":76}},"116":{"start":{"line":247,"column":8},"end":{"line":247,"column":70}},"117":{"start":{"line":248,"column":8},"end":{"line":248,"column":61}},"118":{"start":{"line":251,"column":6},"end":{"line":257,"column":7}},"119":{"start":{"line":252,"column":28},"end":{"line":252,"column":38}},"120":{"start":{"line":253,"column":8},"end":{"line":253,"column":80}},"121":{"start":{"line":254,"column":8},"end":{"line":254,"column":55}},"122":{"start":{"line":255,"column":8},"end":{"line":255,"column":70}},"123":{"start":{"line":256,"column":8},"end":{"line":256,"column":61}},"124":{"start":{"line":260,"column":4},"end":{"line":269,"column":5}},"125":{"start":{"line":261,"column":23},"end":{"line":265,"column":7}},"126":{"start":{"line":266,"column":6},"end":{"line":268,"column":7}},"127":{"start":{"line":267,"column":8},"end":{"line":267,"column":105}},"128":{"start":{"line":272,"column":22},"end":{"line":272,"column":46}},"129":{"start":{"line":273,"column":23},"end":{"line":275,"column":293}},"130":{"start":{"line":277,"column":2},"end":{"line":280,"column":4}},"131":{"start":{"line":284,"column":2},"end":{"line":284,"column":29}},"132":{"start":{"line":284,"column":17},"end":{"line":284,"column":29}},"133":{"start":{"line":285,"column":20},"end":{"line":285,"column":38}},"134":{"start":{"line":286,"column":16},"end":{"line":286,"column":26}},"135":{"start":{"line":287,"column":12},"end":{"line":287,"column":57}},"136":{"start":{"line":288,"column":20},"end":{"line":288,"column":59}},"137":{"start":{"line":289,"column":2},"end":{"line":291,"column":3}},"138":{"start":{"line":290,"column":4},"end":{"line":290,"column":10}},"139":{"start":{"line":292,"column":2},"end":{"line":292,"column":46}},"140":{"start":{"line":296,"column":18},"end":{"line":299,"column":3}},"141":{"start":{"line":300,"column":2},"end":{"line":300,"column":38}},"142":{"start":{"line":300,"column":26},"end":{"line":300,"column":38}},"143":{"start":{"line":301,"column":15},"end":{"line":301,"column":23}},"144":{"start":{"line":302,"column":20},"end":{"line":307,"column":3}},"145":{"start":{"line":308,"column":2},"end":{"line":311,"column":4}},"146":{"start":{"line":315,"column":13},"end":{"line":315,"column":25}},"147":{"start":{"line":316,"column":17},"end":{"line":319,"column":3}},"148":{"start":{"line":320,"column":2},"end":{"line":320,"column":25}},"149":{"start":{"line":323,"column":0},"end":{"line":339,"column":3}},"150":{"start":{"line":324,"column":2},"end":{"line":338,"column":3}},"151":{"start":{"line":325,"column":21},"end":{"line":325,"column":36}},"152":{"start":{"line":326,"column":20},"end":{"line":326,"column":34}},"153":{"start":{"line":328,"column":23},"end":{"line":328,"column":52}},"154":{"start":{"line":329,"column":30},"end":{"line":329,"column":83}},"155":{"start":{"line":330,"column":21},"end":{"line":330,"column":54}},"156":{"start":{"line":332,"column":4},"end":{"line":334,"column":20}},"157":{"start":{"line":336,"column":4},"end":{"line":336,"column":38}},"158":{"start":{"line":337,"column":4},"end":{"line":337,"column":68}},"159":{"start":{"line":342,"column":21},"end":{"line":348,"column":3}},"160":{"start":{"line":349,"column":17},"end":{"line":349,"column":55}},"161":{"start":{"line":351,"column":2},"end":{"line":363,"column":3}},"162":{"start":{"line":352,"column":4},"end":{"line":355,"column":5}},"163":{"start":{"line":353,"column":6},"end":{"line":353,"column":97}},"164":{"start":{"line":354,"column":6},"end":{"line":354,"column":44}},"165":{"start":{"line":357,"column":4},"end":{"line":362,"column":5}},"166":{"start":{"line":358,"column":6},"end":{"line":358,"column":77}},"167":{"start":{"line":359,"column":6},"end":{"line":359,"column":34}},"168":{"start":{"line":360,"column":6},"end":{"line":360,"column":77}},"169":{"start":{"line":361,"column":6},"end":{"line":361,"column":34}},"170":{"start":{"line":365,"column":2},"end":{"line":382,"column":3}},"171":{"start":{"line":366,"column":4},"end":{"line":369,"column":5}},"172":{"start":{"line":367,"column":6},"end":{"line":367,"column":35}},"173":{"start":{"line":368,"column":6},"end":{"line":368,"column":31}},"174":{"start":{"line":371,"column":4},"end":{"line":381,"column":5}},"175":{"start":{"line":372,"column":24},"end":{"line":377,"column":7}},"176":{"start":{"line":378,"column":26},"end":{"line":378,"column":69}},"177":{"start":{"line":379,"column":6},"end":{"line":379,"column":38}},"178":{"start":{"line":380,"column":6},"end":{"line":380,"column":31}},"179":{"start":{"line":384,"column":22},"end":{"line":384,"column":46}},"180":{"start":{"line":385,"column":23},"end":{"line":385,"column":310}},"181":{"start":{"line":387,"column":16},"end":{"line":387,"column":142}},"182":{"start":{"line":389,"column":17},"end":{"line":389,"column":50}},"183":{"start":{"line":390,"column":2},"end":{"line":390,"column":14}},"184":{"start":{"line":393,"column":0},"end":{"line":504,"column":3}},"185":{"start":{"line":394,"column":15},"end":{"line":394,"column":41}},"186":{"start":{"line":395,"column":2},"end":{"line":503,"column":3}},"187":{"start":{"line":396,"column":4},"end":{"line":396,"column":34}},"188":{"start":{"line":398,"column":21},"end":{"line":398,"column":36}},"189":{"start":{"line":399,"column":20},"end":{"line":399,"column":42}},"190":{"start":{"line":401,"column":18},"end":{"line":401,"column":35}},"191":{"start":{"line":402,"column":4},"end":{"line":402,"column":43}},"192":{"start":{"line":403,"column":22},"end":{"line":403,"column":72}},"193":{"start":{"line":405,"column":4},"end":{"line":408,"column":5}},"194":{"start":{"line":406,"column":6},"end":{"line":406,"column":28}},"195":{"start":{"line":407,"column":6},"end":{"line":407,"column":103}},"196":{"start":{"line":410,"column":23},"end":{"line":410,"column":52}},"197":{"start":{"line":412,"column":17},"end":{"line":412,"column":21}},"198":{"start":{"line":413,"column":19},"end":{"line":413,"column":24}},"199":{"start":{"line":415,"column":26},"end":{"line":415,"column":79}},"200":{"start":{"line":417,"column":35},"end":{"line":417,"column":37}},"201":{"start":{"line":418,"column":4},"end":{"line":423,"column":5}},"202":{"start":{"line":419,"column":21},"end":{"line":419,"column":65}},"203":{"start":{"line":420,"column":6},"end":{"line":422,"column":7}},"204":{"start":{"line":421,"column":8},"end":{"line":421,"column":40}},"205":{"start":{"line":425,"column":4},"end":{"line":441,"column":5}},"206":{"start":{"line":426,"column":26},"end":{"line":426,"column":83}},"207":{"start":{"line":427,"column":6},"end":{"line":427,"column":51}},"208":{"start":{"line":428,"column":6},"end":{"line":428,"column":22}},"209":{"start":{"line":430,"column":32},"end":{"line":430,"column":86}},"210":{"start":{"line":431,"column":24},"end":{"line":431,"column":58}},"211":{"start":{"line":433,"column":32},"end":{"line":433,"column":69}},"212":{"start":{"line":435,"column":6},"end":{"line":438,"column":7}},"213":{"start":{"line":436,"column":8},"end":{"line":436,"column":30}},"214":{"start":{"line":437,"column":8},"end":{"line":437,"column":73}},"215":{"start":{"line":440,"column":6},"end":{"line":440,"column":34}},"216":{"start":{"line":443,"column":26},"end":{"line":443,"column":74}},"217":{"start":{"line":444,"column":4},"end":{"line":447,"column":5}},"218":{"start":{"line":445,"column":6},"end":{"line":445,"column":28}},"219":{"start":{"line":446,"column":6},"end":{"line":446,"column":79}},"220":{"start":{"line":449,"column":25},"end":{"line":449,"column":39}},"221":{"start":{"line":450,"column":4},"end":{"line":453,"column":6}},"222":{"start":{"line":455,"column":28},"end":{"line":458,"column":5}},"223":{"start":{"line":460,"column":4},"end":{"line":463,"column":6}},"224":{"start":{"line":465,"column":4},"end":{"line":468,"column":13}},"225":{"start":{"line":470,"column":4},"end":{"line":470,"column":24}},"226":{"start":{"line":472,"column":25},"end":{"line":472,"column":53}},"227":{"start":{"line":473,"column":22},"end":{"line":473,"column":52}},"228":{"start":{"line":475,"column":4},"end":{"line":496,"column":41}},"229":{"start":{"line":498,"column":4},"end":{"line":498,"column":26}},"230":{"start":{"line":499,"column":4},"end":{"line":499,"column":35}},"231":{"start":{"line":500,"column":4},"end":{"line":500,"column":65}},"232":{"start":{"line":502,"column":4},"end":{"line":502,"column":19}},"233":{"start":{"line":506,"column":0},"end":{"line":528,"column":3}},"234":{"start":{"line":507,"column":2},"end":{"line":527,"column":3}},"235":{"start":{"line":508,"column":25},"end":{"line":508,"column":33}},"236":{"start":{"line":510,"column":4},"end":{"line":512,"column":5}},"237":{"start":{"line":511,"column":6},"end":{"line":511,"column":74}},"238":{"start":{"line":514,"column":4},"end":{"line":517,"column":6}},"239":{"start":{"line":519,"column":4},"end":{"line":521,"column":7}},"240":{"start":{"line":523,"column":4},"end":{"line":523,"column":54}},"241":{"start":{"line":525,"column":4},"end":{"line":525,"column":36}},"242":{"start":{"line":526,"column":4},"end":{"line":526,"column":66}},"243":{"start":{"line":530,"column":0},"end":{"line":585,"column":3}},"244":{"start":{"line":531,"column":15},"end":{"line":531,"column":41}},"245":{"start":{"line":532,"column":2},"end":{"line":584,"column":3}},"246":{"start":{"line":533,"column":4},"end":{"line":533,"column":34}},"247":{"start":{"line":535,"column":34},"end":{"line":535,"column":42}},"248":{"start":{"line":536,"column":21},"end":{"line":536,"column":36}},"249":{"start":{"line":538,"column":4},"end":{"line":541,"column":5}},"250":{"start":{"line":539,"column":6},"end":{"line":539,"column":28}},"251":{"start":{"line":540,"column":6},"end":{"line":540,"column":74}},"252":{"start":{"line":543,"column":25},"end":{"line":546,"column":5}},"253":{"start":{"line":548,"column":4},"end":{"line":551,"column":5}},"254":{"start":{"line":549,"column":6},"end":{"line":549,"column":28}},"255":{"start":{"line":550,"column":6},"end":{"line":550,"column":74}},"256":{"start":{"line":553,"column":21},"end":{"line":553,"column":44}},"257":{"start":{"line":555,"column":4},"end":{"line":558,"column":6}},"258":{"start":{"line":560,"column":22},"end":{"line":560,"column":36}},"259":{"start":{"line":561,"column":4},"end":{"line":564,"column":6}},"260":{"start":{"line":566,"column":4},"end":{"line":568,"column":13}},"261":{"start":{"line":570,"column":4},"end":{"line":570,"column":24}},"262":{"start":{"line":572,"column":4},"end":{"line":577,"column":22}},"263":{"start":{"line":579,"column":4},"end":{"line":579,"column":26}},"264":{"start":{"line":580,"column":4},"end":{"line":580,"column":36}},"265":{"start":{"line":581,"column":4},"end":{"line":581,"column":66}},"266":{"start":{"line":583,"column":4},"end":{"line":583,"column":19}},"267":{"start":{"line":587,"column":0},"end":{"line":711,"column":3}},"268":{"start":{"line":588,"column":15},"end":{"line":588,"column":41}},"269":{"start":{"line":589,"column":2},"end":{"line":710,"column":3}},"270":{"start":{"line":590,"column":4},"end":{"line":590,"column":34}},"271":{"start":{"line":592,"column":25},"end":{"line":592,"column":35}},"272":{"start":{"line":593,"column":19},"end":{"line":593,"column":34}},"273":{"start":{"line":595,"column":4},"end":{"line":598,"column":5}},"274":{"start":{"line":596,"column":6},"end":{"line":596,"column":28}},"275":{"start":{"line":597,"column":6},"end":{"line":597,"column":74}},"276":{"start":{"line":600,"column":25},"end":{"line":605,"column":5}},"277":{"start":{"line":607,"column":4},"end":{"line":610,"column":5}},"278":{"start":{"line":608,"column":6},"end":{"line":608,"column":28}},"279":{"start":{"line":609,"column":6},"end":{"line":609,"column":74}},"280":{"start":{"line":612,"column":19},"end":{"line":612,"column":32}},"281":{"start":{"line":614,"column":4},"end":{"line":617,"column":5}},"282":{"start":{"line":615,"column":6},"end":{"line":615,"column":28}},"283":{"start":{"line":616,"column":6},"end":{"line":616,"column":76}},"284":{"start":{"line":619,"column":22},"end":{"line":619,"column":49}},"285":{"start":{"line":620,"column":16},"end":{"line":620,"column":26}},"286":{"start":{"line":621,"column":28},"end":{"line":621,"column":59}},"287":{"start":{"line":623,"column":4},"end":{"line":626,"column":5}},"288":{"start":{"line":624,"column":6},"end":{"line":624,"column":28}},"289":{"start":{"line":625,"column":6},"end":{"line":625,"column":109}},"290":{"start":{"line":628,"column":27},"end":{"line":631,"column":5}},"291":{"start":{"line":633,"column":4},"end":{"line":636,"column":5}},"292":{"start":{"line":634,"column":6},"end":{"line":634,"column":28}},"293":{"start":{"line":635,"column":6},"end":{"line":635,"column":80}},"294":{"start":{"line":638,"column":23},"end":{"line":641,"column":5}},"295":{"start":{"line":643,"column":4},"end":{"line":646,"column":5}},"296":{"start":{"line":644,"column":6},"end":{"line":644,"column":28}},"297":{"start":{"line":645,"column":6},"end":{"line":645,"column":74}},"298":{"start":{"line":648,"column":4},"end":{"line":651,"column":5}},"299":{"start":{"line":649,"column":6},"end":{"line":649,"column":28}},"300":{"start":{"line":650,"column":6},"end":{"line":650,"column":74}},"301":{"start":{"line":653,"column":4},"end":{"line":656,"column":6}},"302":{"start":{"line":658,"column":25},"end":{"line":658,"column":39}},"303":{"start":{"line":659,"column":4},"end":{"line":662,"column":6}},"304":{"start":{"line":664,"column":18},"end":{"line":664,"column":35}},"305":{"start":{"line":665,"column":4},"end":{"line":665,"column":41}},"306":{"start":{"line":666,"column":4},"end":{"line":669,"column":6}},"307":{"start":{"line":671,"column":4},"end":{"line":674,"column":6}},"308":{"start":{"line":676,"column":4},"end":{"line":679,"column":6}},"309":{"start":{"line":681,"column":18},"end":{"line":681,"column":32}},"310":{"start":{"line":682,"column":4},"end":{"line":689,"column":6}},"311":{"start":{"line":691,"column":26},"end":{"line":694,"column":5}},"312":{"start":{"line":696,"column":4},"end":{"line":696,"column":24}},"313":{"start":{"line":698,"column":4},"end":{"line":703,"column":29}},"314":{"start":{"line":705,"column":4},"end":{"line":705,"column":26}},"315":{"start":{"line":706,"column":4},"end":{"line":706,"column":36}},"316":{"start":{"line":707,"column":4},"end":{"line":707,"column":66}},"317":{"start":{"line":709,"column":4},"end":{"line":709,"column":19}},"318":{"start":{"line":713,"column":0},"end":{"line":821,"column":3}},"319":{"start":{"line":714,"column":15},"end":{"line":714,"column":41}},"320":{"start":{"line":715,"column":2},"end":{"line":820,"column":3}},"321":{"start":{"line":716,"column":4},"end":{"line":716,"column":34}},"322":{"start":{"line":718,"column":25},"end":{"line":718,"column":35}},"323":{"start":{"line":719,"column":19},"end":{"line":719,"column":34}},"324":{"start":{"line":721,"column":4},"end":{"line":724,"column":5}},"325":{"start":{"line":722,"column":6},"end":{"line":722,"column":28}},"326":{"start":{"line":723,"column":6},"end":{"line":723,"column":74}},"327":{"start":{"line":726,"column":25},"end":{"line":731,"column":5}},"328":{"start":{"line":733,"column":4},"end":{"line":736,"column":5}},"329":{"start":{"line":734,"column":6},"end":{"line":734,"column":28}},"330":{"start":{"line":735,"column":6},"end":{"line":735,"column":74}},"331":{"start":{"line":738,"column":19},"end":{"line":738,"column":32}},"332":{"start":{"line":740,"column":4},"end":{"line":743,"column":5}},"333":{"start":{"line":741,"column":6},"end":{"line":741,"column":28}},"334":{"start":{"line":742,"column":6},"end":{"line":742,"column":76}},"335":{"start":{"line":745,"column":4},"end":{"line":748,"column":5}},"336":{"start":{"line":746,"column":6},"end":{"line":746,"column":28}},"337":{"start":{"line":747,"column":6},"end":{"line":747,"column":79}},"338":{"start":{"line":750,"column":4},"end":{"line":753,"column":5}},"339":{"start":{"line":751,"column":6},"end":{"line":751,"column":28}},"340":{"start":{"line":752,"column":6},"end":{"line":752,"column":78}},"341":{"start":{"line":755,"column":4},"end":{"line":758,"column":5}},"342":{"start":{"line":756,"column":6},"end":{"line":756,"column":28}},"343":{"start":{"line":757,"column":6},"end":{"line":757,"column":84}},"344":{"start":{"line":760,"column":23},"end":{"line":763,"column":5}},"345":{"start":{"line":765,"column":4},"end":{"line":768,"column":5}},"346":{"start":{"line":766,"column":6},"end":{"line":766,"column":28}},"347":{"start":{"line":767,"column":6},"end":{"line":767,"column":74}},"348":{"start":{"line":770,"column":4},"end":{"line":773,"column":5}},"349":{"start":{"line":771,"column":6},"end":{"line":771,"column":28}},"350":{"start":{"line":772,"column":6},"end":{"line":772,"column":74}},"351":{"start":{"line":775,"column":4},"end":{"line":778,"column":6}},"352":{"start":{"line":780,"column":25},"end":{"line":780,"column":39}},"353":{"start":{"line":781,"column":4},"end":{"line":784,"column":6}},"354":{"start":{"line":786,"column":4},"end":{"line":789,"column":6}},"355":{"start":{"line":791,"column":18},"end":{"line":791,"column":32}},"356":{"start":{"line":792,"column":4},"end":{"line":798,"column":6}},"357":{"start":{"line":800,"column":26},"end":{"line":803,"column":5}},"358":{"start":{"line":805,"column":4},"end":{"line":805,"column":24}},"359":{"start":{"line":807,"column":4},"end":{"line":813,"column":18}},"360":{"start":{"line":815,"column":4},"end":{"line":815,"column":26}},"361":{"start":{"line":816,"column":4},"end":{"line":816,"column":36}},"362":{"start":{"line":817,"column":4},"end":{"line":817,"column":66}},"363":{"start":{"line":819,"column":4},"end":{"line":819,"column":19}},"364":{"start":{"line":823,"column":0},"end":{"line":923,"column":3}},"365":{"start":{"line":824,"column":2},"end":{"line":922,"column":3}},"366":{"start":{"line":825,"column":19},"end":{"line":825,"column":34}},"367":{"start":{"line":827,"column":26},"end":{"line":838,"column":5}},"368":{"start":{"line":840,"column":29},"end":{"line":852,"column":5}},"369":{"start":{"line":854,"column":21},"end":{"line":854,"column":56}},"370":{"start":{"line":856,"column":22},"end":{"line":856,"column":47}},"371":{"start":{"line":856,"column":42},"end":{"line":856,"column":46}},"372":{"start":{"line":857,"column":4},"end":{"line":902,"column":5}},"373":{"start":{"line":858,"column":27},"end":{"line":858,"column":61}},"374":{"start":{"line":858,"column":47},"end":{"line":858,"column":50}},"375":{"start":{"line":860,"column":31},"end":{"line":871,"column":7}},"376":{"start":{"line":873,"column":29},"end":{"line":879,"column":7}},"377":{"start":{"line":881,"column":25},"end":{"line":881,"column":27}},"378":{"start":{"line":882,"column":6},"end":{"line":884,"column":9}},"379":{"start":{"line":883,"column":8},"end":{"line":883,"column":36}},"380":{"start":{"line":886,"column":24},"end":{"line":886,"column":26}},"381":{"start":{"line":887,"column":6},"end":{"line":889,"column":9}},"382":{"start":{"line":888,"column":8},"end":{"line":888,"column":48}},"383":{"start":{"line":891,"column":6},"end":{"line":901,"column":9}},"384":{"start":{"line":892,"column":20},"end":{"line":892,"column":41}},"385":{"start":{"line":893,"column":8},"end":{"line":900,"column":10}},"386":{"start":{"line":904,"column":4},"end":{"line":914,"column":7}},"387":{"start":{"line":905,"column":6},"end":{"line":912,"column":7}},"388":{"start":{"line":906,"column":25},"end":{"line":906,"column":50}},"389":{"start":{"line":907,"column":8},"end":{"line":911,"column":9}},"390":{"start":{"line":908,"column":28},"end":{"line":908,"column":72}},"391":{"start":{"line":909,"column":32},"end":{"line":909,"column":111}},"392":{"start":{"line":910,"column":10},"end":{"line":910,"column":43}},"393":{"start":{"line":913,"column":6},"end":{"line":913,"column":18}},"394":{"start":{"line":916,"column":4},"end":{"line":916,"column":79}},"395":{"start":{"line":916,"column":30},"end":{"line":916,"column":77}},"396":{"start":{"line":918,"column":4},"end":{"line":918,"column":61}},"397":{"start":{"line":920,"column":4},"end":{"line":920,"column":38}},"398":{"start":{"line":921,"column":4},"end":{"line":921,"column":68}},"399":{"start":{"line":925,"column":0},"end":{"line":970,"column":3}},"400":{"start":{"line":926,"column":2},"end":{"line":969,"column":3}},"401":{"start":{"line":927,"column":25},"end":{"line":927,"column":35}},"402":{"start":{"line":928,"column":19},"end":{"line":928,"column":34}},"403":{"start":{"line":930,"column":4},"end":{"line":932,"column":5}},"404":{"start":{"line":931,"column":6},"end":{"line":931,"column":74}},"405":{"start":{"line":934,"column":19},"end":{"line":944,"column":5}},"406":{"start":{"line":946,"column":4},"end":{"line":948,"column":5}},"407":{"start":{"line":947,"column":6},"end":{"line":947,"column":80}},"408":{"start":{"line":950,"column":19},"end":{"line":950,"column":26}},"409":{"start":{"line":952,"column":4},"end":{"line":961,"column":5}},"410":{"start":{"line":953,"column":24},"end":{"line":953,"column":51}},"411":{"start":{"line":954,"column":18},"end":{"line":954,"column":28}},"412":{"start":{"line":955,"column":30},"end":{"line":955,"column":61}},"413":{"start":{"line":956,"column":6},"end":{"line":956,"column":129}},"414":{"start":{"line":957,"column":6},"end":{"line":957,"column":92}},"415":{"start":{"line":958,"column":6},"end":{"line":958,"column":47}},"416":{"start":{"line":959,"column":6},"end":{"line":959,"column":110}},"417":{"start":{"line":960,"column":6},"end":{"line":960,"column":41}},"418":{"start":{"line":963,"column":4},"end":{"line":963,"column":41}},"419":{"start":{"line":965,"column":4},"end":{"line":965,"column":57}},"420":{"start":{"line":967,"column":4},"end":{"line":967,"column":38}},"421":{"start":{"line":968,"column":4},"end":{"line":968,"column":68}},"422":{"start":{"line":972,"column":0},"end":{"line":1001,"column":3}},"423":{"start":{"line":973,"column":2},"end":{"line":1000,"column":3}},"424":{"start":{"line":974,"column":25},"end":{"line":974,"column":35}},"425":{"start":{"line":975,"column":19},"end":{"line":975,"column":34}},"426":{"start":{"line":977,"column":4},"end":{"line":979,"column":5}},"427":{"start":{"line":978,"column":6},"end":{"line":978,"column":74}},"428":{"start":{"line":981,"column":19},"end":{"line":984,"column":5}},"429":{"start":{"line":986,"column":4},"end":{"line":988,"column":5}},"430":{"start":{"line":987,"column":6},"end":{"line":987,"column":74}},"431":{"start":{"line":990,"column":4},"end":{"line":992,"column":5}},"432":{"start":{"line":991,"column":6},"end":{"line":991,"column":76}},"433":{"start":{"line":994,"column":4},"end":{"line":994,"column":85}},"434":{"start":{"line":996,"column":4},"end":{"line":996,"column":52}},"435":{"start":{"line":998,"column":4},"end":{"line":998,"column":36}},"436":{"start":{"line":999,"column":4},"end":{"line":999,"column":66}},"437":{"start":{"line":1003,"column":0},"end":{"line":1039,"column":3}},"438":{"start":{"line":1004,"column":2},"end":{"line":1038,"column":3}},"439":{"start":{"line":1005,"column":25},"end":{"line":1005,"column":35}},"440":{"start":{"line":1006,"column":19},"end":{"line":1006,"column":34}},"441":{"start":{"line":1008,"column":4},"end":{"line":1010,"column":5}},"442":{"start":{"line":1009,"column":6},"end":{"line":1009,"column":74}},"443":{"start":{"line":1012,"column":19},"end":{"line":1015,"column":5}},"444":{"start":{"line":1017,"column":4},"end":{"line":1019,"column":5}},"445":{"start":{"line":1018,"column":6},"end":{"line":1018,"column":74}},"446":{"start":{"line":1021,"column":4},"end":{"line":1024,"column":5}},"447":{"start":{"line":1022,"column":6},"end":{"line":1022,"column":87}},"448":{"start":{"line":1023,"column":6},"end":{"line":1023,"column":61}},"449":{"start":{"line":1026,"column":4},"end":{"line":1032,"column":5}},"450":{"start":{"line":1027,"column":6},"end":{"line":1030,"column":8}},"451":{"start":{"line":1031,"column":6},"end":{"line":1031,"column":59}},"452":{"start":{"line":1034,"column":4},"end":{"line":1034,"column":71}},"453":{"start":{"line":1036,"column":4},"end":{"line":1036,"column":34}},"454":{"start":{"line":1037,"column":4},"end":{"line":1037,"column":64}},"455":{"start":{"line":1041,"column":0},"end":{"line":1041,"column":24}}},"fnMap":{"0":{"name":"(anonymous_0)","decl":{"start":{"line":18,"column":15},"end":{"line":18,"column":16}},"loc":{"start":{"line":18,"column":40},"end":{"line":20,"column":3}},"line":18},"1":{"name":"(anonymous_1)","decl":{"start":{"line":21,"column":12},"end":{"line":21,"column":13}},"loc":{"start":{"line":21,"column":37},"end":{"line":24,"column":3}},"line":21},"2":{"name":"(anonymous_2)","decl":{"start":{"line":30,"column":14},"end":{"line":30,"column":15}},"loc":{"start":{"line":30,"column":39},"end":{"line":37,"column":3}},"line":30},"3":{"name":"getLocalDateStr","decl":{"start":{"line":40,"column":9},"end":{"line":40,"column":24}},"loc":{"start":{"line":40,"column":31},"end":{"line":43,"column":1}},"line":40},"4":{"name":"ensureDailyStat","decl":{"start":{"line":45,"column":15},"end":{"line":45,"column":30}},"loc":{"start":{"line":45,"column":45},"end":{"line":57,"column":1}},"line":45},"5":{"name":"getDailyCount","decl":{"start":{"line":59,"column":15},"end":{"line":59,"column":28}},"loc":{"start":{"line":59,"column":50},"end":{"line":65,"column":1}},"line":59},"6":{"name":"addCoins","decl":{"start":{"line":67,"column":15},"end":{"line":67,"column":23}},"loc":{"start":{"line":67,"column":60},"end":{"line":78,"column":1}},"line":67},"7":{"name":"(anonymous_7)","decl":{"start":{"line":80,"column":28},"end":{"line":80,"column":29}},"loc":{"start":{"line":80,"column":48},"end":{"line":100,"column":1}},"line":80},"8":{"name":"(anonymous_8)","decl":{"start":{"line":102,"column":29},"end":{"line":102,"column":30}},"loc":{"start":{"line":102,"column":43},"end":{"line":123,"column":1}},"line":102},"9":{"name":"(anonymous_9)","decl":{"start":{"line":103,"column":41},"end":{"line":103,"column":42}},"loc":{"start":{"line":103,"column":62},"end":{"line":122,"column":3}},"line":103},"10":{"name":"(anonymous_10)","decl":{"start":{"line":125,"column":22},"end":{"line":125,"column":23}},"loc":{"start":{"line":125,"column":42},"end":{"line":202,"column":1}},"line":125},"11":{"name":"buildFilterQuery","decl":{"start":{"line":204,"column":9},"end":{"line":204,"column":25}},"loc":{"start":{"line":204,"column":81},"end":{"line":281,"column":1}},"line":204},"12":{"name":"calculateAge","decl":{"start":{"line":283,"column":9},"end":{"line":283,"column":21}},"loc":{"start":{"line":283,"column":32},"end":{"line":293,"column":1}},"line":283},"13":{"name":"getPickerInfo","decl":{"start":{"line":295,"column":15},"end":{"line":295,"column":28}},"loc":{"start":{"line":295,"column":39},"end":{"line":312,"column":1}},"line":295},"14":{"name":"hasPickedBottle","decl":{"start":{"line":314,"column":15},"end":{"line":314,"column":30}},"loc":{"start":{"line":314,"column":57},"end":{"line":321,"column":1}},"line":314},"15":{"name":"(anonymous_15)","decl":{"start":{"line":323,"column":27},"end":{"line":323,"column":28}},"loc":{"start":{"line":323,"column":47},"end":{"line":339,"column":1}},"line":323},"16":{"name":"getPinnedBottles","decl":{"start":{"line":341,"column":15},"end":{"line":341,"column":31}},"loc":{"start":{"line":341,"column":63},"end":{"line":391,"column":1}},"line":341},"17":{"name":"(anonymous_17)","decl":{"start":{"line":393,"column":21},"end":{"line":393,"column":22}},"loc":{"start":{"line":393,"column":41},"end":{"line":504,"column":1}},"line":393},"18":{"name":"(anonymous_18)","decl":{"start":{"line":506,"column":23},"end":{"line":506,"column":24}},"loc":{"start":{"line":506,"column":43},"end":{"line":528,"column":1}},"line":506},"19":{"name":"(anonymous_19)","decl":{"start":{"line":530,"column":22},"end":{"line":530,"column":23}},"loc":{"start":{"line":530,"column":42},"end":{"line":585,"column":1}},"line":530},"20":{"name":"(anonymous_20)","decl":{"start":{"line":587,"column":33},"end":{"line":587,"column":34}},"loc":{"start":{"line":587,"column":53},"end":{"line":711,"column":1}},"line":587},"21":{"name":"(anonymous_21)","decl":{"start":{"line":713,"column":30},"end":{"line":713,"column":31}},"loc":{"start":{"line":713,"column":50},"end":{"line":821,"column":1}},"line":713},"22":{"name":"(anonymous_22)","decl":{"start":{"line":823,"column":18},"end":{"line":823,"column":19}},"loc":{"start":{"line":823,"column":38},"end":{"line":923,"column":1}},"line":823},"23":{"name":"(anonymous_23)","decl":{"start":{"line":856,"column":37},"end":{"line":856,"column":38}},"loc":{"start":{"line":856,"column":42},"end":{"line":856,"column":46}},"line":856},"24":{"name":"(anonymous_24)","decl":{"start":{"line":858,"column":41},"end":{"line":858,"column":42}},"loc":{"start":{"line":858,"column":47},"end":{"line":858,"column":50}},"line":858},"25":{"name":"(anonymous_25)","decl":{"start":{"line":882,"column":29},"end":{"line":882,"column":30}},"loc":{"start":{"line":882,"column":34},"end":{"line":884,"column":7}},"line":882},"26":{"name":"(anonymous_26)","decl":{"start":{"line":887,"column":27},"end":{"line":887,"column":28}},"loc":{"start":{"line":887,"column":32},"end":{"line":889,"column":7}},"line":887},"27":{"name":"(anonymous_27)","decl":{"start":{"line":891,"column":34},"end":{"line":891,"column":35}},"loc":{"start":{"line":891,"column":44},"end":{"line":901,"column":7}},"line":891},"28":{"name":"(anonymous_28)","decl":{"start":{"line":904,"column":35},"end":{"line":904,"column":36}},"loc":{"start":{"line":904,"column":45},"end":{"line":914,"column":5}},"line":904},"29":{"name":"(anonymous_29)","decl":{"start":{"line":916,"column":20},"end":{"line":916,"column":21}},"loc":{"start":{"line":916,"column":30},"end":{"line":916,"column":77}},"line":916},"30":{"name":"(anonymous_30)","decl":{"start":{"line":925,"column":25},"end":{"line":925,"column":26}},"loc":{"start":{"line":925,"column":45},"end":{"line":970,"column":1}},"line":925},"31":{"name":"(anonymous_31)","decl":{"start":{"line":972,"column":28},"end":{"line":972,"column":29}},"loc":{"start":{"line":972,"column":48},"end":{"line":1001,"column":1}},"line":972},"32":{"name":"(anonymous_32)","decl":{"start":{"line":1003,"column":38},"end":{"line":1003,"column":39}},"loc":{"start":{"line":1003,"column":58},"end":{"line":1039,"column":1}},"line":1003}},"branchMap":{"0":{"loc":{"start":{"line":32,"column":4},"end":{"line":36,"column":5}},"type":"if","locations":[{"start":{"line":32,"column":4},"end":{"line":36,"column":5}},{"start":{"line":34,"column":11},"end":{"line":36,"column":5}}],"line":32},"1":{"loc":{"start":{"line":41,"column":12},"end":{"line":41,"column":30}},"type":"binary-expr","locations":[{"start":{"line":41,"column":12},"end":{"line":41,"column":16}},{"start":{"line":41,"column":20},"end":{"line":41,"column":30}}],"line":41},"2":{"loc":{"start":{"line":50,"column":2},"end":{"line":56,"column":3}},"type":"if","locations":[{"start":{"line":50,"column":2},"end":{"line":56,"column":3}},{"start":{},"end":{}}],"line":50},"3":{"loc":{"start":{"line":64,"column":9},"end":{"line":64,"column":44}},"type":"cond-expr","locations":[{"start":{"line":64,"column":27},"end":{"line":64,"column":40}},{"start":{"line":64,"column":43},"end":{"line":64,"column":44}}],"line":64},"4":{"loc":{"start":{"line":68,"column":13},"end":{"line":68,"column":25}},"type":"binary-expr","locations":[{"start":{"line":68,"column":13},"end":{"line":68,"column":17}},{"start":{"line":68,"column":21},"end":{"line":68,"column":25}}],"line":68},"5":{"loc":{"start":{"line":104,"column":4},"end":{"line":109,"column":5}},"type":"if","locations":[{"start":{"line":104,"column":4},"end":{"line":109,"column":5}},{"start":{},"end":{}}],"line":104},"6":{"loc":{"start":{"line":105,"column":6},"end":{"line":107,"column":7}},"type":"if","locations":[{"start":{"line":105,"column":6},"end":{"line":107,"column":7}},{"start":{},"end":{}}],"line":105},"7":{"loc":{"start":{"line":108,"column":64},"end":{"line":108,"column":85}},"type":"binary-expr","locations":[{"start":{"line":108,"column":64},"end":{"line":108,"column":75}},{"start":{"line":108,"column":79},"end":{"line":108,"column":85}}],"line":108},"8":{"loc":{"start":{"line":111,"column":4},"end":{"line":113,"column":5}},"type":"if","locations":[{"start":{"line":111,"column":4},"end":{"line":113,"column":5}},{"start":{},"end":{}}],"line":111},"9":{"loc":{"start":{"line":133,"column":4},"end":{"line":136,"column":5}},"type":"if","locations":[{"start":{"line":133,"column":4},"end":{"line":136,"column":5}},{"start":{},"end":{}}],"line":133},"10":{"loc":{"start":{"line":133,"column":8},"end":{"line":133,"column":47}},"type":"binary-expr","locations":[{"start":{"line":133,"column":8},"end":{"line":133,"column":16}},{"start":{"line":133,"column":20},"end":{"line":133,"column":47}}],"line":133},"11":{"loc":{"start":{"line":138,"column":4},"end":{"line":141,"column":5}},"type":"if","locations":[{"start":{"line":138,"column":4},"end":{"line":141,"column":5}},{"start":{},"end":{}}],"line":138},"12":{"loc":{"start":{"line":138,"column":8},"end":{"line":138,"column":40}},"type":"binary-expr","locations":[{"start":{"line":138,"column":8},"end":{"line":138,"column":11}},{"start":{"line":138,"column":15},"end":{"line":138,"column":40}}],"line":138},"13":{"loc":{"start":{"line":143,"column":4},"end":{"line":146,"column":5}},"type":"if","locations":[{"start":{"line":143,"column":4},"end":{"line":146,"column":5}},{"start":{},"end":{}}],"line":143},"14":{"loc":{"start":{"line":143,"column":8},"end":{"line":143,"column":73}},"type":"binary-expr","locations":[{"start":{"line":143,"column":8},"end":{"line":143,"column":20}},{"start":{"line":143,"column":24},"end":{"line":143,"column":73}}],"line":143},"15":{"loc":{"start":{"line":148,"column":28},"end":{"line":148,"column":72}},"type":"cond-expr","locations":[{"start":{"line":148,"column":43},"end":{"line":148,"column":65}},{"start":{"line":148,"column":68},"end":{"line":148,"column":72}}],"line":148},"16":{"loc":{"start":{"line":149,"column":28},"end":{"line":149,"column":72}},"type":"cond-expr","locations":[{"start":{"line":149,"column":43},"end":{"line":149,"column":65}},{"start":{"line":149,"column":68},"end":{"line":149,"column":72}}],"line":149},"17":{"loc":{"start":{"line":151,"column":4},"end":{"line":154,"column":5}},"type":"if","locations":[{"start":{"line":151,"column":4},"end":{"line":154,"column":5}},{"start":{},"end":{}}],"line":151},"18":{"loc":{"start":{"line":151,"column":8},"end":{"line":151,"column":97}},"type":"binary-expr","locations":[{"start":{"line":151,"column":8},"end":{"line":151,"column":32}},{"start":{"line":151,"column":36},"end":{"line":151,"column":60}},{"start":{"line":151,"column":64},"end":{"line":151,"column":97}}],"line":151},"19":{"loc":{"start":{"line":160,"column":4},"end":{"line":163,"column":5}},"type":"if","locations":[{"start":{"line":160,"column":4},"end":{"line":163,"column":5}},{"start":{},"end":{}}],"line":160},"20":{"loc":{"start":{"line":170,"column":43},"end":{"line":170,"column":54}},"type":"binary-expr","locations":[{"start":{"line":170,"column":43},"end":{"line":170,"column":46}},{"start":{"line":170,"column":50},"end":{"line":170,"column":54}}],"line":170},"21":{"loc":{"start":{"line":170,"column":56},"end":{"line":170,"column":72}},"type":"binary-expr","locations":[{"start":{"line":170,"column":56},"end":{"line":170,"column":64}},{"start":{"line":170,"column":68},"end":{"line":170,"column":72}}],"line":170},"22":{"loc":{"start":{"line":170,"column":74},"end":{"line":170,"column":95}},"type":"binary-expr","locations":[{"start":{"line":170,"column":74},"end":{"line":170,"column":86}},{"start":{"line":170,"column":90},"end":{"line":170,"column":95}}],"line":170},"23":{"loc":{"start":{"line":180,"column":11},"end":{"line":180,"column":22}},"type":"binary-expr","locations":[{"start":{"line":180,"column":11},"end":{"line":180,"column":14}},{"start":{"line":180,"column":18},"end":{"line":180,"column":22}}],"line":180},"24":{"loc":{"start":{"line":188,"column":11},"end":{"line":188,"column":22}},"type":"binary-expr","locations":[{"start":{"line":188,"column":11},"end":{"line":188,"column":14}},{"start":{"line":188,"column":18},"end":{"line":188,"column":22}}],"line":188},"25":{"loc":{"start":{"line":189,"column":16},"end":{"line":189,"column":32}},"type":"binary-expr","locations":[{"start":{"line":189,"column":16},"end":{"line":189,"column":24}},{"start":{"line":189,"column":28},"end":{"line":189,"column":32}}],"line":189},"26":{"loc":{"start":{"line":190,"column":20},"end":{"line":190,"column":41}},"type":"binary-expr","locations":[{"start":{"line":190,"column":20},"end":{"line":190,"column":32}},{"start":{"line":190,"column":36},"end":{"line":190,"column":41}}],"line":190},"27":{"loc":{"start":{"line":204,"column":45},"end":{"line":204,"column":60}},"type":"default-arg","locations":[{"start":{"line":204,"column":55},"end":{"line":204,"column":60}}],"line":204},"28":{"loc":{"start":{"line":204,"column":62},"end":{"line":204,"column":79}},"type":"default-arg","locations":[{"start":{"line":204,"column":75},"end":{"line":204,"column":79}}],"line":204},"29":{"loc":{"start":{"line":208,"column":2},"end":{"line":220,"column":3}},"type":"if","locations":[{"start":{"line":208,"column":2},"end":{"line":220,"column":3}},{"start":{},"end":{}}],"line":208},"30":{"loc":{"start":{"line":209,"column":4},"end":{"line":212,"column":5}},"type":"if","locations":[{"start":{"line":209,"column":4},"end":{"line":212,"column":5}},{"start":{},"end":{}}],"line":209},"31":{"loc":{"start":{"line":214,"column":4},"end":{"line":219,"column":5}},"type":"if","locations":[{"start":{"line":214,"column":4},"end":{"line":219,"column":5}},{"start":{},"end":{}}],"line":214},"32":{"loc":{"start":{"line":214,"column":8},"end":{"line":214,"column":63}},"type":"binary-expr","locations":[{"start":{"line":214,"column":8},"end":{"line":214,"column":31}},{"start":{"line":214,"column":35},"end":{"line":214,"column":63}}],"line":214},"33":{"loc":{"start":{"line":222,"column":2},"end":{"line":270,"column":3}},"type":"if","locations":[{"start":{"line":222,"column":2},"end":{"line":270,"column":3}},{"start":{},"end":{}}],"line":222},"34":{"loc":{"start":{"line":223,"column":4},"end":{"line":226,"column":5}},"type":"if","locations":[{"start":{"line":223,"column":4},"end":{"line":226,"column":5}},{"start":{},"end":{}}],"line":223},"35":{"loc":{"start":{"line":223,"column":8},"end":{"line":223,"column":44}},"type":"binary-expr","locations":[{"start":{"line":223,"column":8},"end":{"line":223,"column":19}},{"start":{"line":223,"column":23},"end":{"line":223,"column":44}}],"line":223},"36":{"loc":{"start":{"line":228,"column":4},"end":{"line":238,"column":5}},"type":"if","locations":[{"start":{"line":228,"column":4},"end":{"line":238,"column":5}},{"start":{},"end":{}}],"line":228},"37":{"loc":{"start":{"line":228,"column":8},"end":{"line":228,"column":50}},"type":"binary-expr","locations":[{"start":{"line":228,"column":8},"end":{"line":228,"column":22}},{"start":{"line":228,"column":26},"end":{"line":228,"column":50}}],"line":228},"38":{"loc":{"start":{"line":235,"column":26},"end":{"line":235,"column":69}},"type":"binary-expr","locations":[{"start":{"line":235,"column":26},"end":{"line":235,"column":51}},{"start":{"line":235,"column":55},"end":{"line":235,"column":69}}],"line":235},"39":{"loc":{"start":{"line":240,"column":25},"end":{"line":241,"column":105}},"type":"binary-expr","locations":[{"start":{"line":240,"column":26},"end":{"line":240,"column":54}},{"start":{"line":240,"column":58},"end":{"line":240,"column":81}},{"start":{"line":240,"column":85},"end":{"line":240,"column":106}},{"start":{"line":241,"column":24},"end":{"line":241,"column":52}},{"start":{"line":241,"column":56},"end":{"line":241,"column":79}},{"start":{"line":241,"column":83},"end":{"line":241,"column":104}}],"line":240},"40":{"loc":{"start":{"line":243,"column":4},"end":{"line":258,"column":5}},"type":"if","locations":[{"start":{"line":243,"column":4},"end":{"line":258,"column":5}},{"start":{},"end":{}}],"line":243},"41":{"loc":{"start":{"line":244,"column":6},"end":{"line":249,"column":7}},"type":"if","locations":[{"start":{"line":244,"column":6},"end":{"line":249,"column":7}},{"start":{},"end":{}}],"line":244},"42":{"loc":{"start":{"line":244,"column":10},"end":{"line":244,"column":65}},"type":"binary-expr","locations":[{"start":{"line":244,"column":10},"end":{"line":244,"column":38}},{"start":{"line":244,"column":42},"end":{"line":244,"column":65}}],"line":244},"43":{"loc":{"start":{"line":251,"column":6},"end":{"line":257,"column":7}},"type":"if","locations":[{"start":{"line":251,"column":6},"end":{"line":257,"column":7}},{"start":{},"end":{}}],"line":251},"44":{"loc":{"start":{"line":251,"column":10},"end":{"line":251,"column":65}},"type":"binary-expr","locations":[{"start":{"line":251,"column":10},"end":{"line":251,"column":38}},{"start":{"line":251,"column":42},"end":{"line":251,"column":65}}],"line":251},"45":{"loc":{"start":{"line":260,"column":4},"end":{"line":269,"column":5}},"type":"if","locations":[{"start":{"line":260,"column":4},"end":{"line":269,"column":5}},{"start":{},"end":{}}],"line":260},"46":{"loc":{"start":{"line":260,"column":8},"end":{"line":260,"column":56}},"type":"binary-expr","locations":[{"start":{"line":260,"column":8},"end":{"line":260,"column":25}},{"start":{"line":260,"column":29},"end":{"line":260,"column":56}}],"line":260},"47":{"loc":{"start":{"line":266,"column":6},"end":{"line":268,"column":7}},"type":"if","locations":[{"start":{"line":266,"column":6},"end":{"line":268,"column":7}},{"start":{},"end":{}}],"line":266},"48":{"loc":{"start":{"line":273,"column":23},"end":{"line":275,"column":293}},"type":"cond-expr","locations":[{"start":{"line":274,"column":6},"end":{"line":274,"column":25}},{"start":{"line":275,"column":6},"end":{"line":275,"column":293}}],"line":273},"49":{"loc":{"start":{"line":284,"column":2},"end":{"line":284,"column":29}},"type":"if","locations":[{"start":{"line":284,"column":2},"end":{"line":284,"column":29}},{"start":{},"end":{}}],"line":284},"50":{"loc":{"start":{"line":289,"column":2},"end":{"line":291,"column":3}},"type":"if","locations":[{"start":{"line":289,"column":2},"end":{"line":291,"column":3}},{"start":{},"end":{}}],"line":289},"51":{"loc":{"start":{"line":289,"column":6},"end":{"line":289,"column":81}},"type":"binary-expr","locations":[{"start":{"line":289,"column":6},"end":{"line":289,"column":19}},{"start":{"line":289,"column":24},"end":{"line":289,"column":39}},{"start":{"line":289,"column":43},"end":{"line":289,"column":80}}],"line":289},"52":{"loc":{"start":{"line":292,"column":9},"end":{"line":292,"column":45}},"type":"cond-expr","locations":[{"start":{"line":292,"column":35},"end":{"line":292,"column":38}},{"start":{"line":292,"column":41},"end":{"line":292,"column":45}}],"line":292},"53":{"loc":{"start":{"line":292,"column":9},"end":{"line":292,"column":32}},"type":"binary-expr","locations":[{"start":{"line":292,"column":9},"end":{"line":292,"column":18}},{"start":{"line":292,"column":22},"end":{"line":292,"column":32}}],"line":292},"54":{"loc":{"start":{"line":300,"column":2},"end":{"line":300,"column":38}},"type":"if","locations":[{"start":{"line":300,"column":2},"end":{"line":300,"column":38}},{"start":{},"end":{}}],"line":300},"55":{"loc":{"start":{"line":309,"column":12},"end":{"line":309,"column":42}},"type":"binary-expr","locations":[{"start":{"line":309,"column":12},"end":{"line":309,"column":34}},{"start":{"line":309,"column":38},"end":{"line":309,"column":42}}],"line":309},"56":{"loc":{"start":{"line":315,"column":13},"end":{"line":315,"column":25}},"type":"binary-expr","locations":[{"start":{"line":315,"column":13},"end":{"line":315,"column":17}},{"start":{"line":315,"column":21},"end":{"line":315,"column":25}}],"line":315},"57":{"loc":{"start":{"line":326,"column":20},"end":{"line":326,"column":34}},"type":"binary-expr","locations":[{"start":{"line":326,"column":20},"end":{"line":326,"column":28}},{"start":{"line":326,"column":32},"end":{"line":326,"column":34}}],"line":326},"58":{"loc":{"start":{"line":333,"column":13},"end":{"line":333,"column":33}},"type":"binary-expr","locations":[{"start":{"line":333,"column":13},"end":{"line":333,"column":28}},{"start":{"line":333,"column":32},"end":{"line":333,"column":33}}],"line":333},"59":{"loc":{"start":{"line":351,"column":2},"end":{"line":363,"column":3}},"type":"if","locations":[{"start":{"line":351,"column":2},"end":{"line":363,"column":3}},{"start":{},"end":{}}],"line":351},"60":{"loc":{"start":{"line":352,"column":4},"end":{"line":355,"column":5}},"type":"if","locations":[{"start":{"line":352,"column":4},"end":{"line":355,"column":5}},{"start":{},"end":{}}],"line":352},"61":{"loc":{"start":{"line":357,"column":4},"end":{"line":362,"column":5}},"type":"if","locations":[{"start":{"line":357,"column":4},"end":{"line":362,"column":5}},{"start":{},"end":{}}],"line":357},"62":{"loc":{"start":{"line":357,"column":8},"end":{"line":357,"column":63}},"type":"binary-expr","locations":[{"start":{"line":357,"column":8},"end":{"line":357,"column":31}},{"start":{"line":357,"column":35},"end":{"line":357,"column":63}}],"line":357},"63":{"loc":{"start":{"line":365,"column":2},"end":{"line":382,"column":3}},"type":"if","locations":[{"start":{"line":365,"column":2},"end":{"line":382,"column":3}},{"start":{},"end":{}}],"line":365},"64":{"loc":{"start":{"line":366,"column":4},"end":{"line":369,"column":5}},"type":"if","locations":[{"start":{"line":366,"column":4},"end":{"line":369,"column":5}},{"start":{},"end":{}}],"line":366},"65":{"loc":{"start":{"line":366,"column":8},"end":{"line":366,"column":44}},"type":"binary-expr","locations":[{"start":{"line":366,"column":8},"end":{"line":366,"column":19}},{"start":{"line":366,"column":23},"end":{"line":366,"column":44}}],"line":366},"66":{"loc":{"start":{"line":371,"column":4},"end":{"line":381,"column":5}},"type":"if","locations":[{"start":{"line":371,"column":4},"end":{"line":381,"column":5}},{"start":{},"end":{}}],"line":371},"67":{"loc":{"start":{"line":371,"column":8},"end":{"line":371,"column":50}},"type":"binary-expr","locations":[{"start":{"line":371,"column":8},"end":{"line":371,"column":22}},{"start":{"line":371,"column":26},"end":{"line":371,"column":50}}],"line":371},"68":{"loc":{"start":{"line":378,"column":26},"end":{"line":378,"column":69}},"type":"binary-expr","locations":[{"start":{"line":378,"column":26},"end":{"line":378,"column":51}},{"start":{"line":378,"column":55},"end":{"line":378,"column":69}}],"line":378},"69":{"loc":{"start":{"line":399,"column":20},"end":{"line":399,"column":42}},"type":"binary-expr","locations":[{"start":{"line":399,"column":20},"end":{"line":399,"column":36}},{"start":{"line":399,"column":40},"end":{"line":399,"column":42}}],"line":399},"70":{"loc":{"start":{"line":405,"column":4},"end":{"line":408,"column":5}},"type":"if","locations":[{"start":{"line":405,"column":4},"end":{"line":408,"column":5}},{"start":{},"end":{}}],"line":405},"71":{"loc":{"start":{"line":420,"column":6},"end":{"line":422,"column":7}},"type":"if","locations":[{"start":{"line":420,"column":6},"end":{"line":422,"column":7}},{"start":{},"end":{}}],"line":420},"72":{"loc":{"start":{"line":425,"column":4},"end":{"line":441,"column":5}},"type":"if","locations":[{"start":{"line":425,"column":4},"end":{"line":441,"column":5}},{"start":{"line":429,"column":11},"end":{"line":441,"column":5}}],"line":425},"73":{"loc":{"start":{"line":435,"column":6},"end":{"line":438,"column":7}},"type":"if","locations":[{"start":{"line":435,"column":6},"end":{"line":438,"column":7}},{"start":{},"end":{}}],"line":435},"74":{"loc":{"start":{"line":444,"column":4},"end":{"line":447,"column":5}},"type":"if","locations":[{"start":{"line":444,"column":4},"end":{"line":447,"column":5}},{"start":{},"end":{}}],"line":444},"75":{"loc":{"start":{"line":467,"column":23},"end":{"line":467,"column":45}},"type":"binary-expr","locations":[{"start":{"line":467,"column":23},"end":{"line":467,"column":40}},{"start":{"line":467,"column":44},"end":{"line":467,"column":45}}],"line":467},"76":{"loc":{"start":{"line":472,"column":26},"end":{"line":472,"column":48}},"type":"binary-expr","locations":[{"start":{"line":472,"column":26},"end":{"line":472,"column":43}},{"start":{"line":472,"column":47},"end":{"line":472,"column":48}}],"line":472},"77":{"loc":{"start":{"line":496,"column":7},"end":{"line":496,"column":38}},"type":"cond-expr","locations":[{"start":{"line":496,"column":18},"end":{"line":496,"column":28}},{"start":{"line":496,"column":31},"end":{"line":496,"column":38}}],"line":496},"78":{"loc":{"start":{"line":510,"column":4},"end":{"line":512,"column":5}},"type":"if","locations":[{"start":{"line":510,"column":4},"end":{"line":512,"column":5}},{"start":{},"end":{}}],"line":510},"79":{"loc":{"start":{"line":538,"column":4},"end":{"line":541,"column":5}},"type":"if","locations":[{"start":{"line":538,"column":4},"end":{"line":541,"column":5}},{"start":{},"end":{}}],"line":538},"80":{"loc":{"start":{"line":538,"column":8},"end":{"line":538,"column":60}},"type":"binary-expr","locations":[{"start":{"line":538,"column":8},"end":{"line":538,"column":17}},{"start":{"line":538,"column":21},"end":{"line":538,"column":29}},{"start":{"line":538,"column":33},"end":{"line":538,"column":60}}],"line":538},"81":{"loc":{"start":{"line":548,"column":4},"end":{"line":551,"column":5}},"type":"if","locations":[{"start":{"line":548,"column":4},"end":{"line":551,"column":5}},{"start":{},"end":{}}],"line":548},"82":{"loc":{"start":{"line":595,"column":4},"end":{"line":598,"column":5}},"type":"if","locations":[{"start":{"line":595,"column":4},"end":{"line":598,"column":5}},{"start":{},"end":{}}],"line":595},"83":{"loc":{"start":{"line":607,"column":4},"end":{"line":610,"column":5}},"type":"if","locations":[{"start":{"line":607,"column":4},"end":{"line":610,"column":5}},{"start":{},"end":{}}],"line":607},"84":{"loc":{"start":{"line":614,"column":4},"end":{"line":617,"column":5}},"type":"if","locations":[{"start":{"line":614,"column":4},"end":{"line":617,"column":5}},{"start":{},"end":{}}],"line":614},"85":{"loc":{"start":{"line":623,"column":4},"end":{"line":626,"column":5}},"type":"if","locations":[{"start":{"line":623,"column":4},"end":{"line":626,"column":5}},{"start":{},"end":{}}],"line":623},"86":{"loc":{"start":{"line":633,"column":4},"end":{"line":636,"column":5}},"type":"if","locations":[{"start":{"line":633,"column":4},"end":{"line":636,"column":5}},{"start":{},"end":{}}],"line":633},"87":{"loc":{"start":{"line":643,"column":4},"end":{"line":646,"column":5}},"type":"if","locations":[{"start":{"line":643,"column":4},"end":{"line":646,"column":5}},{"start":{},"end":{}}],"line":643},"88":{"loc":{"start":{"line":648,"column":4},"end":{"line":651,"column":5}},"type":"if","locations":[{"start":{"line":648,"column":4},"end":{"line":651,"column":5}},{"start":{},"end":{}}],"line":648},"89":{"loc":{"start":{"line":721,"column":4},"end":{"line":724,"column":5}},"type":"if","locations":[{"start":{"line":721,"column":4},"end":{"line":724,"column":5}},{"start":{},"end":{}}],"line":721},"90":{"loc":{"start":{"line":733,"column":4},"end":{"line":736,"column":5}},"type":"if","locations":[{"start":{"line":733,"column":4},"end":{"line":736,"column":5}},{"start":{},"end":{}}],"line":733},"91":{"loc":{"start":{"line":740,"column":4},"end":{"line":743,"column":5}},"type":"if","locations":[{"start":{"line":740,"column":4},"end":{"line":743,"column":5}},{"start":{},"end":{}}],"line":740},"92":{"loc":{"start":{"line":745,"column":4},"end":{"line":748,"column":5}},"type":"if","locations":[{"start":{"line":745,"column":4},"end":{"line":748,"column":5}},{"start":{},"end":{}}],"line":745},"93":{"loc":{"start":{"line":750,"column":4},"end":{"line":753,"column":5}},"type":"if","locations":[{"start":{"line":750,"column":4},"end":{"line":753,"column":5}},{"start":{},"end":{}}],"line":750},"94":{"loc":{"start":{"line":755,"column":4},"end":{"line":758,"column":5}},"type":"if","locations":[{"start":{"line":755,"column":4},"end":{"line":758,"column":5}},{"start":{},"end":{}}],"line":755},"95":{"loc":{"start":{"line":765,"column":4},"end":{"line":768,"column":5}},"type":"if","locations":[{"start":{"line":765,"column":4},"end":{"line":768,"column":5}},{"start":{},"end":{}}],"line":765},"96":{"loc":{"start":{"line":770,"column":4},"end":{"line":773,"column":5}},"type":"if","locations":[{"start":{"line":770,"column":4},"end":{"line":773,"column":5}},{"start":{},"end":{}}],"line":770},"97":{"loc":{"start":{"line":857,"column":4},"end":{"line":902,"column":5}},"type":"if","locations":[{"start":{"line":857,"column":4},"end":{"line":902,"column":5}},{"start":{},"end":{}}],"line":857},"98":{"loc":{"start":{"line":895,"column":26},"end":{"line":895,"column":57}},"type":"cond-expr","locations":[{"start":{"line":895,"column":32},"end":{"line":895,"column":50}},{"start":{"line":895,"column":53},"end":{"line":895,"column":57}}],"line":895},"99":{"loc":{"start":{"line":896,"column":28},"end":{"line":896,"column":61}},"type":"cond-expr","locations":[{"start":{"line":896,"column":34},"end":{"line":896,"column":54}},{"start":{"line":896,"column":57},"end":{"line":896,"column":61}}],"line":896},"100":{"loc":{"start":{"line":897,"column":34},"end":{"line":897,"column":73}},"type":"cond-expr","locations":[{"start":{"line":897,"column":40},"end":{"line":897,"column":66}},{"start":{"line":897,"column":69},"end":{"line":897,"column":73}}],"line":897},"101":{"loc":{"start":{"line":898,"column":31},"end":{"line":898,"column":67}},"type":"cond-expr","locations":[{"start":{"line":898,"column":37},"end":{"line":898,"column":60}},{"start":{"line":898,"column":63},"end":{"line":898,"column":67}}],"line":898},"102":{"loc":{"start":{"line":899,"column":24},"end":{"line":899,"column":49}},"type":"binary-expr","locations":[{"start":{"line":899,"column":24},"end":{"line":899,"column":44}},{"start":{"line":899,"column":48},"end":{"line":899,"column":49}}],"line":899},"103":{"loc":{"start":{"line":905,"column":6},"end":{"line":912,"column":7}},"type":"if","locations":[{"start":{"line":905,"column":6},"end":{"line":912,"column":7}},{"start":{},"end":{}}],"line":905},"104":{"loc":{"start":{"line":907,"column":8},"end":{"line":911,"column":9}},"type":"if","locations":[{"start":{"line":907,"column":8},"end":{"line":911,"column":9}},{"start":{},"end":{}}],"line":907},"105":{"loc":{"start":{"line":909,"column":32},"end":{"line":909,"column":111}},"type":"cond-expr","locations":[{"start":{"line":909,"column":61},"end":{"line":909,"column":107}},{"start":{"line":909,"column":110},"end":{"line":909,"column":111}}],"line":909},"106":{"loc":{"start":{"line":930,"column":4},"end":{"line":932,"column":5}},"type":"if","locations":[{"start":{"line":930,"column":4},"end":{"line":932,"column":5}},{"start":{},"end":{}}],"line":930},"107":{"loc":{"start":{"line":946,"column":4},"end":{"line":948,"column":5}},"type":"if","locations":[{"start":{"line":946,"column":4},"end":{"line":948,"column":5}},{"start":{},"end":{}}],"line":946},"108":{"loc":{"start":{"line":952,"column":4},"end":{"line":961,"column":5}},"type":"if","locations":[{"start":{"line":952,"column":4},"end":{"line":961,"column":5}},{"start":{},"end":{}}],"line":952},"109":{"loc":{"start":{"line":956,"column":25},"end":{"line":956,"column":128}},"type":"binary-expr","locations":[{"start":{"line":956,"column":25},"end":{"line":956,"column":69}},{"start":{"line":956,"column":73},"end":{"line":956,"column":101}},{"start":{"line":956,"column":105},"end":{"line":956,"column":128}}],"line":956},"110":{"loc":{"start":{"line":959,"column":22},"end":{"line":959,"column":109}},"type":"binary-expr","locations":[{"start":{"line":959,"column":22},"end":{"line":959,"column":50}},{"start":{"line":959,"column":54},"end":{"line":959,"column":71}},{"start":{"line":959,"column":75},"end":{"line":959,"column":109}}],"line":959},"111":{"loc":{"start":{"line":977,"column":4},"end":{"line":979,"column":5}},"type":"if","locations":[{"start":{"line":977,"column":4},"end":{"line":979,"column":5}},{"start":{},"end":{}}],"line":977},"112":{"loc":{"start":{"line":986,"column":4},"end":{"line":988,"column":5}},"type":"if","locations":[{"start":{"line":986,"column":4},"end":{"line":988,"column":5}},{"start":{},"end":{}}],"line":986},"113":{"loc":{"start":{"line":990,"column":4},"end":{"line":992,"column":5}},"type":"if","locations":[{"start":{"line":990,"column":4},"end":{"line":992,"column":5}},{"start":{},"end":{}}],"line":990},"114":{"loc":{"start":{"line":1008,"column":4},"end":{"line":1010,"column":5}},"type":"if","locations":[{"start":{"line":1008,"column":4},"end":{"line":1010,"column":5}},{"start":{},"end":{}}],"line":1008},"115":{"loc":{"start":{"line":1017,"column":4},"end":{"line":1019,"column":5}},"type":"if","locations":[{"start":{"line":1017,"column":4},"end":{"line":1019,"column":5}},{"start":{},"end":{}}],"line":1017},"116":{"loc":{"start":{"line":1021,"column":4},"end":{"line":1024,"column":5}},"type":"if","locations":[{"start":{"line":1021,"column":4},"end":{"line":1024,"column":5}},{"start":{},"end":{}}],"line":1021},"117":{"loc":{"start":{"line":1026,"column":4},"end":{"line":1032,"column":5}},"type":"if","locations":[{"start":{"line":1026,"column":4},"end":{"line":1032,"column":5}},{"start":{},"end":{}}],"line":1026}},"s":{"0":1,"1":1,"2":1,"3":1,"4":1,"5":1,"6":1,"7":1,"8":1,"9":1,"10":1,"11":1,"12":1,"13":1,"14":0,"15":0,"16":0,"17":1,"18":0,"19":0,"20":0,"21":0,"22":9,"23":9,"24":9,"25":9,"26":2,"27":2,"28":8,"29":8,"30":0,"31":0,"32":0,"33":0,"34":1,"35":0,"36":0,"37":0,"38":0,"39":0,"40":0,"41":0,"42":0,"43":1,"44":0,"45":0,"46":0,"47":0,"48":0,"49":0,"50":0,"51":0,"52":0,"53":0,"54":0,"55":0,"56":1,"57":7,"58":7,"59":7,"60":7,"61":7,"62":7,"63":0,"64":0,"65":7,"66":0,"67":0,"68":7,"69":0,"70":0,"71":7,"72":7,"73":7,"74":0,"75":0,"76":7,"77":7,"78":7,"79":7,"80":0,"81":0,"82":7,"83":7,"84":7,"85":7,"86":7,"87":7,"88":0,"89":0,"90":7,"91":1,"92":1,"93":1,"94":1,"95":0,"96":0,"97":1,"98":0,"99":0,"100":0,"101":0,"102":1,"103":1,"104":0,"105":0,"106":1,"107":0,"108":0,"109":0,"110":0,"111":1,"112":1,"113":0,"114":0,"115":0,"116":0,"117":0,"118":0,"119":0,"120":0,"121":0,"122":0,"123":0,"124":1,"125":0,"126":0,"127":0,"128":1,"129":1,"130":1,"131":1,"132":1,"133":0,"134":0,"135":0,"136":0,"137":0,"138":0,"139":0,"140":1,"141":1,"142":0,"143":1,"144":1,"145":1,"146":1,"147":1,"148":1,"149":1,"150":0,"151":0,"152":0,"153":0,"154":0,"155":0,"156":0,"157":0,"158":0,"159":1,"160":1,"161":1,"162":1,"163":0,"164":0,"165":1,"166":0,"167":0,"168":0,"169":0,"170":1,"171":1,"172":0,"173":0,"174":1,"175":0,"176":0,"177":0,"178":0,"179":1,"180":1,"181":1,"182":1,"183":1,"184":1,"185":1,"186":1,"187":1,"188":1,"189":1,"190":1,"191":1,"192":1,"193":1,"194":0,"195":0,"196":1,"197":1,"198":1,"199":1,"200":1,"201":1,"202":0,"203":0,"204":0,"205":1,"206":0,"207":0,"208":0,"209":1,"210":1,"211":1,"212":1,"213":0,"214":0,"215":1,"216":1,"217":1,"218":0,"219":0,"220":1,"221":1,"222":1,"223":1,"224":1,"225":1,"226":1,"227":1,"228":1,"229":0,"230":0,"231":0,"232":1,"233":1,"234":0,"235":0,"236":0,"237":0,"238":0,"239":0,"240":0,"241":0,"242":0,"243":1,"244":0,"245":0,"246":0,"247":0,"248":0,"249":0,"250":0,"251":0,"252":0,"253":0,"254":0,"255":0,"256":0,"257":0,"258":0,"259":0,"260":0,"261":0,"262":0,"263":0,"264":0,"265":0,"266":0,"267":1,"268":2,"269":2,"270":2,"271":2,"272":2,"273":2,"274":0,"275":0,"276":2,"277":2,"278":0,"279":0,"280":2,"281":2,"282":1,"283":1,"284":1,"285":1,"286":1,"287":1,"288":0,"289":0,"290":1,"291":1,"292":0,"293":0,"294":1,"295":1,"296":0,"297":0,"298":1,"299":0,"300":0,"301":1,"302":1,"303":1,"304":1,"305":1,"306":1,"307":1,"308":1,"309":1,"310":1,"311":1,"312":1,"313":1,"314":0,"315":0,"316":0,"317":2,"318":1,"319":2,"320":2,"321":2,"322":2,"323":2,"324":2,"325":0,"326":0,"327":2,"328":2,"329":0,"330":0,"331":2,"332":2,"333":1,"334":1,"335":1,"336":0,"337":0,"338":1,"339":0,"340":0,"341":1,"342":0,"343":0,"344":1,"345":1,"346":0,"347":0,"348":1,"349":0,"350":0,"351":1,"352":1,"353":1,"354":1,"355":1,"356":1,"357":1,"358":1,"359":1,"360":0,"361":0,"362":0,"363":2,"364":1,"365":1,"366":1,"367":1,"368":1,"369":1,"370":1,"371":5,"372":1,"373":1,"374":5,"375":1,"376":1,"377":1,"378":1,"379":0,"380":1,"381":1,"382":0,"383":1,"384":5,"385":5,"386":1,"387":5,"388":0,"389":0,"390":0,"391":0,"392":0,"393":5,"394":1,"395":4,"396":1,"397":0,"398":0,"399":1,"400":3,"401":3,"402":3,"403":3,"404":0,"405":3,"406":3,"407":0,"408":3,"409":3,"410":3,"411":3,"412":3,"413":3,"414":3,"415":3,"416":3,"417":3,"418":3,"419":3,"420":0,"421":0,"422":1,"423":0,"424":0,"425":0,"426":0,"427":0,"428":0,"429":0,"430":0,"431":0,"432":0,"433":0,"434":0,"435":0,"436":0,"437":1,"438":0,"439":0,"440":0,"441":0,"442":0,"443":0,"444":0,"445":0,"446":0,"447":0,"448":0,"449":0,"450":0,"451":0,"452":0,"453":0,"454":0,"455":1},"f":{"0":0,"1":0,"2":0,"3":9,"4":9,"5":8,"6":0,"7":0,"8":0,"9":0,"10":7,"11":1,"12":1,"13":1,"14":1,"15":0,"16":1,"17":1,"18":0,"19":0,"20":2,"21":2,"22":1,"23":5,"24":5,"25":0,"26":0,"27":5,"28":5,"29":4,"30":3,"31":0,"32":0},"b":{"0":[0,0],"1":[9,9],"2":[2,7],"3":[8,0],"4":[0,0],"5":[0,0],"6":[0,0],"7":[0,0],"8":[0,0],"9":[0,7],"10":[7,7],"11":[0,7],"12":[7,0],"13":[0,7],"14":[7,0],"15":[0,7],"16":[0,7],"17":[0,7],"18":[7,0,0],"19":[0,7],"20":[7,7],"21":[7,7],"22":[7,7],"23":[7,7],"24":[7,7],"25":[7,7],"26":[7,7],"27":[0],"28":[0],"29":[1,0],"30":[0,1],"31":[0,1],"32":[1,0],"33":[1,0],"34":[0,1],"35":[1,0],"36":[0,1],"37":[1,0],"38":[0,0],"39":[1,0,0,1,0,0],"40":[0,1],"41":[0,0],"42":[0,0],"43":[0,0],"44":[0,0],"45":[0,1],"46":[1,0],"47":[0,0],"48":[0,1],"49":[1,0],"50":[0,0],"51":[0,0,0],"52":[0,0],"53":[0,0],"54":[0,1],"55":[1,1],"56":[1,0],"57":[0,0],"58":[0,0],"59":[1,0],"60":[0,1],"61":[0,1],"62":[1,0],"63":[1,0],"64":[0,1],"65":[1,0],"66":[0,1],"67":[1,0],"68":[0,0],"69":[1,0],"70":[0,1],"71":[0,0],"72":[0,1],"73":[0,1],"74":[0,1],"75":[1,1],"76":[1,1],"77":[0,1],"78":[0,0],"79":[0,0],"80":[0,0,0],"81":[0,0],"82":[0,2],"83":[0,2],"84":[1,1],"85":[0,1],"86":[0,1],"87":[0,1],"88":[0,1],"89":[0,2],"90":[0,2],"91":[1,1],"92":[0,1],"93":[0,1],"94":[0,1],"95":[0,1],"96":[0,1],"97":[1,0],"98":[0,5],"99":[0,5],"100":[0,5],"101":[0,5],"102":[5,5],"103":[0,5],"104":[0,0],"105":[0,0],"106":[0,3],"107":[0,3],"108":[3,0],"109":[3,3,3],"110":[3,3,3],"111":[0,0],"112":[0,0],"113":[0,0],"114":[0,0],"115":[0,0],"116":[0,0],"117":[0,0]},"_coverageSchema":"1a1c01bbd47fc00a2c39e90264f33305004495a9","hash":"c7eb49b43450bcc37807dbc393d0f6f7831ea179"}
,"D:\\AI生成项目\\24漂流瓶\\server\\routes\\user.js": {"path":"D:\\AI生成项目\\24漂流瓶\\server\\routes\\user.js","statementMap":{"0":{"start":{"line":1,"column":16},"end":{"line":1,"column":34}},"1":{"start":{"line":2,"column":15},"end":{"line":2,"column":31}},"2":{"start":{"line":3,"column":15},"end":{"line":3,"column":34}},"3":{"start":{"line":4,"column":12},"end":{"line":4,"column":35}},"4":{"start":{"line":5,"column":15},"end":{"line":5,"column":32}},"5":{"start":{"line":6,"column":13},"end":{"line":6,"column":28}},"6":{"start":{"line":7,"column":13},"end":{"line":7,"column":36}},"7":{"start":{"line":8,"column":77},"end":{"line":8,"column":103}},"8":{"start":{"line":10,"column":16},"end":{"line":18,"column":2}},"9":{"start":{"line":12,"column":4},"end":{"line":12,"column":63}},"10":{"start":{"line":15,"column":16},"end":{"line":15,"column":47}},"11":{"start":{"line":16,"column":4},"end":{"line":16,"column":55}},"12":{"start":{"line":20,"column":15},"end":{"line":31,"column":2}},"13":{"start":{"line":24,"column":25},"end":{"line":24,"column":79}},"14":{"start":{"line":25,"column":4},"end":{"line":29,"column":5}},"15":{"start":{"line":26,"column":6},"end":{"line":26,"column":21}},"16":{"start":{"line":28,"column":6},"end":{"line":28,"column":50}},"17":{"start":{"line":33,"column":19},"end":{"line":33,"column":66}},"18":{"start":{"line":36,"column":21},"end":{"line":36,"column":49}},"19":{"start":{"line":37,"column":16},"end":{"line":37,"column":54}},"20":{"start":{"line":39,"column":2},"end":{"line":41,"column":3}},"21":{"start":{"line":40,"column":4},"end":{"line":40,"column":74}},"22":{"start":{"line":43,"column":2},"end":{"line":49,"column":5}},"23":{"start":{"line":44,"column":4},"end":{"line":46,"column":5}},"24":{"start":{"line":45,"column":6},"end":{"line":45,"column":76}},"25":{"start":{"line":47,"column":4},"end":{"line":47,"column":20}},"26":{"start":{"line":48,"column":4},"end":{"line":48,"column":11}},"27":{"start":{"line":52,"column":0},"end":{"line":106,"column":3}},"28":{"start":{"line":53,"column":2},"end":{"line":105,"column":3}},"29":{"start":{"line":54,"column":35},"end":{"line":54,"column":43}},"30":{"start":{"line":56,"column":4},"end":{"line":58,"column":5}},"31":{"start":{"line":57,"column":6},"end":{"line":57,"column":79}},"32":{"start":{"line":60,"column":4},"end":{"line":62,"column":5}},"33":{"start":{"line":61,"column":6},"end":{"line":61,"column":85}},"34":{"start":{"line":64,"column":4},"end":{"line":66,"column":5}},"35":{"start":{"line":65,"column":6},"end":{"line":65,"column":79}},"36":{"start":{"line":68,"column":28},"end":{"line":71,"column":5}},"37":{"start":{"line":73,"column":4},"end":{"line":75,"column":5}},"38":{"start":{"line":74,"column":6},"end":{"line":74,"column":75}},"39":{"start":{"line":77,"column":19},"end":{"line":77,"column":33}},"40":{"start":{"line":78,"column":21},"end":{"line":78,"column":39}},"41":{"start":{"line":79,"column":19},"end":{"line":79,"column":35}},"42":{"start":{"line":80,"column":27},"end":{"line":80,"column":58}},"43":{"start":{"line":82,"column":4},"end":{"line":85,"column":6}},"44":{"start":{"line":87,"column":18},"end":{"line":91,"column":5}},"45":{"start":{"line":93,"column":4},"end":{"line":101,"column":16}},"46":{"start":{"line":103,"column":4},"end":{"line":103,"column":34}},"47":{"start":{"line":104,"column":4},"end":{"line":104,"column":64}},"48":{"start":{"line":108,"column":0},"end":{"line":156,"column":3}},"49":{"start":{"line":109,"column":2},"end":{"line":155,"column":3}},"50":{"start":{"line":110,"column":35},"end":{"line":110,"column":43}},"51":{"start":{"line":112,"column":4},"end":{"line":114,"column":5}},"52":{"start":{"line":113,"column":6},"end":{"line":113,"column":79}},"53":{"start":{"line":116,"column":20},"end":{"line":119,"column":5}},"54":{"start":{"line":121,"column":4},"end":{"line":123,"column":5}},"55":{"start":{"line":122,"column":6},"end":{"line":122,"column":77}},"56":{"start":{"line":125,"column":17},"end":{"line":125,"column":25}},"57":{"start":{"line":126,"column":28},"end":{"line":126,"column":73}},"58":{"start":{"line":128,"column":4},"end":{"line":130,"column":5}},"59":{"start":{"line":129,"column":6},"end":{"line":129,"column":77}},"60":{"start":{"line":132,"column":18},"end":{"line":136,"column":5}},"61":{"start":{"line":138,"column":4},"end":{"line":141,"column":6}},"62":{"start":{"line":143,"column":4},"end":{"line":151,"column":16}},"63":{"start":{"line":153,"column":4},"end":{"line":153,"column":34}},"64":{"start":{"line":154,"column":4},"end":{"line":154,"column":64}},"65":{"start":{"line":158,"column":0},"end":{"line":176,"column":3}},"66":{"start":{"line":159,"column":2},"end":{"line":175,"column":3}},"67":{"start":{"line":160,"column":19},"end":{"line":160,"column":34}},"68":{"start":{"line":162,"column":20},"end":{"line":165,"column":5}},"69":{"start":{"line":167,"column":4},"end":{"line":169,"column":5}},"70":{"start":{"line":168,"column":6},"end":{"line":168,"column":74}},"71":{"start":{"line":171,"column":4},"end":{"line":171,"column":59}},"72":{"start":{"line":173,"column":4},"end":{"line":173,"column":38}},"73":{"start":{"line":174,"column":4},"end":{"line":174,"column":68}},"74":{"start":{"line":178,"column":0},"end":{"line":209,"column":3}},"75":{"start":{"line":179,"column":2},"end":{"line":208,"column":5}},"76":{"start":{"line":180,"column":4},"end":{"line":185,"column":5}},"77":{"start":{"line":181,"column":6},"end":{"line":183,"column":7}},"78":{"start":{"line":182,"column":8},"end":{"line":182,"column":82}},"79":{"start":{"line":184,"column":6},"end":{"line":184,"column":88}},"80":{"start":{"line":187,"column":4},"end":{"line":189,"column":5}},"81":{"start":{"line":188,"column":6},"end":{"line":188,"column":74}},"82":{"start":{"line":191,"column":4},"end":{"line":207,"column":5}},"83":{"start":{"line":192,"column":24},"end":{"line":192,"column":63}},"84":{"start":{"line":193,"column":6},"end":{"line":196,"column":8}},"85":{"start":{"line":198,"column":22},"end":{"line":201,"column":7}},"86":{"start":{"line":203,"column":6},"end":{"line":203,"column":59}},"87":{"start":{"line":205,"column":6},"end":{"line":205,"column":38}},"88":{"start":{"line":206,"column":6},"end":{"line":206,"column":68}},"89":{"start":{"line":211,"column":0},"end":{"line":275,"column":3}},"90":{"start":{"line":212,"column":2},"end":{"line":274,"column":3}},"91":{"start":{"line":213,"column":19},"end":{"line":213,"column":34}},"92":{"start":{"line":214,"column":56},"end":{"line":214,"column":64}},"93":{"start":{"line":216,"column":20},"end":{"line":216,"column":22}},"94":{"start":{"line":217,"column":19},"end":{"line":217,"column":21}},"95":{"start":{"line":219,"column":4},"end":{"line":225,"column":5}},"96":{"start":{"line":220,"column":6},"end":{"line":222,"column":7}},"97":{"start":{"line":221,"column":8},"end":{"line":221,"column":86}},"98":{"start":{"line":223,"column":6},"end":{"line":223,"column":35}},"99":{"start":{"line":224,"column":6},"end":{"line":224,"column":28}},"100":{"start":{"line":227,"column":4},"end":{"line":230,"column":5}},"101":{"start":{"line":228,"column":6},"end":{"line":228,"column":33}},"102":{"start":{"line":229,"column":6},"end":{"line":229,"column":26}},"103":{"start":{"line":232,"column":4},"end":{"line":239,"column":5}},"104":{"start":{"line":233,"column":27},"end":{"line":233,"column":43}},"105":{"start":{"line":234,"column":6},"end":{"line":236,"column":7}},"106":{"start":{"line":235,"column":8},"end":{"line":235,"column":76}},"107":{"start":{"line":237,"column":6},"end":{"line":237,"column":33}},"108":{"start":{"line":238,"column":6},"end":{"line":238,"column":34}},"109":{"start":{"line":241,"column":4},"end":{"line":244,"column":5}},"110":{"start":{"line":242,"column":6},"end":{"line":242,"column":35}},"111":{"start":{"line":243,"column":6},"end":{"line":243,"column":36}},"112":{"start":{"line":246,"column":4},"end":{"line":252,"column":5}},"113":{"start":{"line":247,"column":6},"end":{"line":249,"column":7}},"114":{"start":{"line":248,"column":8},"end":{"line":248,"column":85}},"115":{"start":{"line":250,"column":6},"end":{"line":250,"column":30}},"116":{"start":{"line":251,"column":6},"end":{"line":251,"column":31}},"117":{"start":{"line":254,"column":4},"end":{"line":256,"column":5}},"118":{"start":{"line":255,"column":6},"end":{"line":255,"column":78}},"119":{"start":{"line":258,"column":4},"end":{"line":258,"column":24}},"120":{"start":{"line":260,"column":4},"end":{"line":263,"column":6}},"121":{"start":{"line":265,"column":20},"end":{"line":268,"column":5}},"122":{"start":{"line":270,"column":4},"end":{"line":270,"column":55}},"123":{"start":{"line":272,"column":4},"end":{"line":272,"column":38}},"124":{"start"
[...]
e":251,"column":29}}],"line":251},"34":{"loc":{"start":{"line":254,"column":4},"end":{"line":256,"column":5}},"type":"if","locations":[{"start":{"line":254,"column":4},"end":{"line":256,"column":5}},{"start":{},"end":{}}],"line":254},"35":{"loc":{"start":{"line":286,"column":4},"end":{"line":288,"column":5}},"type":"if","locations":[{"start":{"line":286,"column":4},"end":{"line":288,"column":5}},{"start":{},"end":{}}],"line":286},"36":{"loc":{"start":{"line":286,"column":8},"end":{"line":286,"column":47}},"type":"binary-expr","locations":[{"start":{"line":286,"column":8},"end":{"line":286,"column":16}},{"start":{"line":286,"column":20},"end":{"line":286,"column":47}}],"line":286},"37":{"loc":{"start":{"line":317,"column":4},"end":{"line":319,"column":5}},"type":"if","locations":[{"start":{"line":317,"column":4},"end":{"line":319,"column":5}},{"start":{},"end":{}}],"line":317},"38":{"loc":{"start":{"line":353,"column":4},"end":{"line":355,"column":5}},"type":"if","locations":[{"start":{"line":353,"column":4},"end":{"line":355,"column":5}},{"start":{},"end":{}}],"line":353},"39":{"loc":{"start":{"line":357,"column":4},"end":{"line":359,"column":5}},"type":"if","locations":[{"start":{"line":357,"column":4},"end":{"line":359,"column":5}},{"start":{},"end":{}}],"line":357},"40":{"loc":{"start":{"line":366,"column":4},"end":{"line":368,"column":5}},"type":"if","locations":[{"start":{"line":366,"column":4},"end":{"line":368,"column":5}},{"start":{},"end":{}}],"line":366},"41":{"loc":{"start":{"line":375,"column":4},"end":{"line":377,"column":5}},"type":"if","locations":[{"start":{"line":375,"column":4},"end":{"line":377,"column":5}},{"start":{},"end":{}}],"line":375},"42":{"loc":{"start":{"line":384,"column":4},"end":{"line":386,"column":5}},"type":"if","locations":[{"start":{"line":384,"column":4},"end":{"line":386,"column":5}},{"start":{},"end":{}}],"line":384},"43":{"loc":{"start":{"line":393,"column":4},"end":{"line":397,"column":5}},"type":"if","locations":[{"start":{"line":393,"column":4},"end":{"line":397,"column":5}},{"start":{},"end":{}}],"line":393},"44":{"loc":{"start":{"line":407,"column":40},"end":{"line":407,"column":55}},"type":"binary-expr","locations":[{"start":{"line":407,"column":40},"end":{"line":407,"column":47}},{"start":{"line":407,"column":51},"end":{"line":407,"column":55}}],"line":407},"45":{"loc":{"start":{"line":456,"column":4},"end":{"line":458,"column":5}},"type":"if","locations":[{"start":{"line":456,"column":4},"end":{"line":458,"column":5}},{"start":{},"end":{}}],"line":456},"46":{"loc":{"start":{"line":480,"column":4},"end":{"line":482,"column":5}},"type":"if","locations":[{"start":{"line":480,"column":4},"end":{"line":482,"column":5}},{"start":{},"end":{}}],"line":480}},"s":{"0":1,"1":1,"2":1,"3":1,"4":1,"5":1,"6":1,"7":1,"8":1,"9":0,"10":0,"11":0,"12":1,"13":0,"14":0,"15":0,"16":0,"17":1,"18":16,"19":16,"20":16,"21":0,"22":16,"23":16,"24":0,"25":16,"26":16,"27":1,"28":2,"29":2,"30":2,"31":0,"32":2,"33":0,"34":2,"35":0,"36":2,"37":2,"38":0,"39":2,"40":2,"41":2,"42":2,"43":2,"44":2,"45":2,"46":0,"47":0,"48":1,"49":0,"50":0,"51":0,"52":0,"53":0,"54":0,"55":0,"56":0,"57":0,"58":0,"59":0,"60":0,"61":0,"62":0,"63":0,"64":0,"65":1,"66":0,"67":0,"68":0,"69":0,"70":0,"71":0,"72":0,"73":0,"74":1,"75":0,"76":0,"77":0,"78":0,"79":0,"80":0,"81":0,"82":0,"83":0,"84":0,"85":0,"86":0,"87":0,"88":0,"89":1,"90":0,"91":0,"92":0,"93":0,"94":0,"95":0,"96":0,"97":0,"98":0,"99":0,"100":0,"101":0,"102":0,"103":0,"104":0,"105":0,"106":0,"107":0,"108":0,"109":0,"110":0,"111":0,"112":0,"113":0,"114":0,"115":0,"116":0,"117":0,"118":0,"119":0,"120":0,"121":0,"122":0,"123":0,"124":0,"125":1,"126":0,"127":1,"128":0,"129":0,"130":0,"131":0,"132":0,"133":0,"134":0,"135":0,"136":0,"137":0,"138":1,"139":0,"140":0,"141":0,"142":0,"143":0,"144":0,"145":0,"146":0,"147":0,"148":0,"149":0,"150":0,"151":0,"152":0,"153":0,"154":0,"155":1,"156":0,"157":0,"158":0,"159":0,"160":0,"161":0,"162":0,"163":0,"164":0,"165":0,"166":0,"167":0,"168":0,"169":0,"170":0,"171":0,"172":0,"173":0,"174":0,"175":0,"176":0,"177":0,"178":0,"179":0,"180":0,"181":0,"182":0,"183":0,"184":0,"185":0,"186":0,"187":0,"188":0,"189":0,"190":0,"191":0,"192":0,"193":1,"194":0,"195":0,"196":0,"197":0,"198":0,"199":0,"200":0,"201":0,"202":0,"203":0,"204":0,"205":1,"206":0,"207":0,"208":0,"209":0,"210":0,"211":0,"212":0,"213":0,"214":0,"215":0,"216":1,"217":0,"218":0,"219":0,"220":0,"221":0,"222":0,"223":1,"224":0,"225":0,"226":0,"227":0,"228":0,"229":0,"230":0,"231":1,"232":0,"233":0,"234":0,"235":0,"236":0,"237":0,"238":0,"239":0,"240":0,"241":0,"242":0,"243":0,"244":0,"245":0,"246":0,"247":0,"248":1},"f":{"0":0,"1":0,"2":0,"3":16,"4":16,"5":2,"6":0,"7":0,"8":0,"9":0,"10":0,"11":0,"12":0,"13":0,"14":0,"15":0,"16":0,"17":0,"18":0,"19":0,"20":0},"b":{"0":[0,0],"1":[1,0],"2":[16,16],"3":[0,16],"4":[0,16],"5":[0,2],"6":[2,2],"7":[0,2],"8":[2,2],"9":[0,2],"10":[0,2],"11":[0,0],"12":[0,0],"13":[0,0],"14":[0,0],"15":[0,0],"16":[0,0],"17":[0,0],"18":[0,0],"19":[0,0],"20":[0,0],"21":[0,0],"22":[0,0],"23":[0,0],"24":[0,0],"25":[0,0],"26":[0,0],"27":[0,0],"28":[0,0],"29":[0,0],"30":[0,0],"31":[0,0],"32":[0,0],"33":[0,0],"34":[0,0],"35":[0,0],"36":[0,0],"37":[0,0],"38":[0,0],"39":[0,0],"40":[0,0],"41":[0,0],"42":[0,0],"43":[0,0],"44":[0,0],"45":[0,0],"46":[0,0]},"_coverageSchema":"1a1c01bbd47fc00a2c39e90264f33305004495a9","hash":"4bfa3cc61d0a21945cdccb3c5eae42a2ba3de4e0"}
,"D:\\AI生成项目\\24漂流瓶\\server\\utils\\bottleLogger.js": {"path":"D:\\AI生成项目\\24漂流瓶\\server\\utils\\bottleLogger.js","statementMap":{"0":{"start":{"line":1,"column":13},"end":{"line":1,"column":36}},"1":{"start":{"line":2,"column":25},"end":{"line":2,"column":44}},"2":{"start":{"line":4,"column":24},"end":{"line":13,"column":1}},"3":{"start":{"line":16,"column":2},"end":{"line":27,"column":3}},"4":{"start":{"line":17,"column":15},"end":{"line":17,"column":27}},"5":{"start":{"line":18,"column":18},"end":{"line":18,"column":32}},"6":{"start":{"line":19,"column":4},"end":{"line":22,"column":6}},"7":{"start":{"line":23,"column":4},"end":{"line":23,"column":17}},"8":{"start":{"line":25,"column":4},"end":{"line":25,"column":40}},"9":{"start":{"line":26,"column":4},"end":{"line":26,"column":16}},"10":{"start":{"line":31,"column":2},"end":{"line":42,"column":3}},"11":{"start":{"line":32,"column":15},"end":{"line":32,"column":27}},"12":{"start":{"line":33,"column":18},"end":{"line":33,"column":32}},"13":{"start":{"line":34,"column":4},"end":{"line":37,"column":6}},"14":{"start":{"line":38,"column":4},"end":{"line":38,"column":17}},"15":{"start":{"line":40,"column":4},"end":{"line":40,"column":38}},"16":{"start":{"line":41,"column":4},"end":{"line":41,"column":16}},"17":{"start":{"line":45,"column":0},"end":{"line":49,"column":2}}},"fnMap":{"0":{"name":"logOperation","decl":{"start":{"line":15,"column":15},"end":{"line":15,"column":27}},"loc":{"start":{"line":15,"column":103},"end":{"line":28,"column":1}},"line":15},"1":{"name":"logCleanup","decl":{"start":{"line":30,"column":15},"end":{"line":30,"column":25}},"loc":{"start":{"line":30,"column":101},"end":{"line":43,"column":1}},"line":30}},"branchMap":{"0":{"loc":{"start":{"line":15,"column":61},"end":{"line":15,"column":73}},"type":"default-arg","locations":[{"start":{"line":15,"column":72},"end":{"line":15,"column":73}}],"line":15},"1":{"loc":{"start":{"line":15,"column":75},"end":{"line":15,"column":88}},"type":"default-arg","locations":[{"start":{"line":15,"column":84},"end":{"line":15,"column":88}}],"line":15},"2":{"loc":{"start":{"line":15,"column":90},"end":{"line":15,"column":101}},"type":"default-arg","locations":[{"start":{"line":15,"column":97},"end":{"line":15,"column":101}}],"line":15},"3":{"loc":{"start":{"line":17,"column":15},"end":{"line":17,"column":27}},"type":"binary-expr","locations":[{"start":{"line":17,"column":15},"end":{"line":17,"column":19}},{"start":{"line":17,"column":23},"end":{"line":17,"column":27}}],"line":17},"4":{"loc":{"start":{"line":21,"column":57},"end":{"line":21,"column":95}},"type":"cond-expr","locations":[{"start":{"line":21,"column":66},"end":{"line":21,"column":88}},{"start":{"line":21,"column":91},"end":{"line":21,"column":95}}],"line":21},"5":{"loc":{"start":{"line":30,"column":73},"end":{"line":30,"column":86}},"type":"default-arg","locations":[{"start":{"line":30,"column":82},"end":{"line":30,"column":86}}],"line":30},"6":{"loc":{"start":{"line":30,"column":88},"end":{"line":30,"column":99}},"type":"default-arg","locations":[{"start":{"line":30,"column":95},"end":{"line":30,"column":99}}],"line":30},"7":{"loc":{"start":{"line":32,"column":15},"end":{"line":32,"column":27}},"type":"binary-expr","locations":[{"start":{"line":32,"column":15},"end":{"line":32,"column":19}},{"start":{"line":32,"column":23},"end":{"line":32,"column":27}}],"line":32},"8":{"loc":{"start":{"line":36,"column":61},"end":{"line":36,"column":99}},"type":"cond-expr","locations":[{"start":{"line":36,"column":70},"end":{"line":36,"column":92}},{"start":{"line":36,"column":95},"end":{"line":36,"column":99}}],"line":36}},"s":{"0":1,"1":1,"2":1,"3":8,"4":8,"5":8,"6":8,"7":8,"8":0,"9":0,"10":0,"11":0,"12":0,"13":0,"14":0,"15":0,"16":0,"17":1},"f":{"0":8,"1":0},"b":{"0":[0],"1":[0],"2":[0],"3":[8,0],"4":[8,0],"5":[0],"6":[0],"7":[0,0],"8":[0,0]},"_coverageSchema":"1a1c01bbd47fc00a2c39e90264f33305004495a9","hash":"94b9ede49cea67addd80c89a2cd950d89df56859"}
,"D:\\AI生成项目\\24漂流瓶\\server\\utils\\bottleScheduler.js": {"path":"D:\\AI生成项目\\24漂流瓶\\server\\utils\\bottleScheduler.js","statementMap":{"0":{"start":{"line":1,"column":13},"end":{"line":1,"column":33}},"1":{"start":{"line":2,"column":13},"end":{"line":2,"column":36}},"2":{"start":{"line":3,"column":43},"end":{"line":3,"column":62}},"3":{"start":{"line":4,"column":40},"end":{"line":4,"column":65}},"4":{"start":{"line":6,"column":27},"end":{"line":6,"column":28}},"5":{"start":{"line":7,"column":23},"end":{"line":7,"column":24}},"6":{"start":{"line":10,"column":15},"end":{"line":10,"column":41}},"7":{"start":{"line":11,"column":20},"end":{"line":11,"column":30}},"8":{"start":{"line":12,"column":21},"end":{"line":12,"column":22}},"9":{"start":{"line":13,"column":15},"end":{"line":13,"column":17}},"10":{"start":{"line":15,"column":2},"end":{"line":80,"column":3}},"11":{"start":{"line":16,"column":4},"end":{"line":16,"column":34}},"12":{"start":{"line":18,"column":29},"end":{"line":27,"column":5}},"13":{"start":{"line":29,"column":4},"end":{"line":29,"column":48}},"14":{"start":{"line":31,"column":4},"end":{"line":63,"column":5}},"15":{"start":{"line":32,"column":24},"end":{"line":32,"column":53}},"16":{"start":{"line":32,"column":48},"end":{"line":32,"column":52}},"17":{"start":{"line":33,"column":27},"end":{"line":33,"column":61}},"18":{"start":{"line":33,"column":47},"end":{"line":33,"column":50}},"19":{"start":{"line":35,"column":6},"end":{"line":38,"column":8}},"20":{"start":{"line":40,"column":6},"end":{"line":43,"column":8}},"21":{"start":{"line":45,"column":23},"end":{"line":48,"column":7}},"22":{"start":{"line":50,"column":6},"end":{"line":50,"column":46}},"23":{"start":{"line":52,"column":6},"end":{"line":62,"column":7}},"24":{"start":{"line":53,"column":22},"end":{"line":53,"column":36}},"25":{"start":{"line":54,"column":8},"end":{"line":61,"column":10}},"26":{"start":{"line":65,"column":4},"end":{"line":65,"column":39}},"27":{"start":{"line":67,"column":4},"end":{"line":67,"column":24}},"28":{"start":{"line":69,"column":20},"end":{"line":69,"column":30}},"29":{"start":{"line":70,"column":4},"end":{"line":70,"column":95}},"30":{"start":{"line":72,"column":4},"end":{"line":72,"column":59}},"31":{"start":{"line":73,"column":4},"end":{"line":73,"column":51}},"32":{"start":{"line":75,"column":4},"end":{"line":75,"column":26}},"33":{"start":{"line":76,"column":4},"end":{"line":76,"column":45}},"34":{"start":{"line":77,"column":4},"end":{"line":77,"column":52}},"35":{"start":{"line":79,"column":4},"end":{"line":79,"column":19}},"36":{"start":{"line":84,"column":15},"end":{"line":84,"column":41}},"37":{"start":{"line":85,"column":20},"end":{"line":85,"column":30}},"38":{"start":{"line":86,"column":21},"end":{"line":86,"column":22}},"39":{"start":{"line":87,"column":15},"end":{"line":87,"column":17}},"40":{"start":{"line":89,"column":2},"end":{"line":143,"column":3}},"41":{"start":{"line":90,"column":4},"end":{"line":90,"column":34}},"42":{"start":{"line":92,"column":27},"end":{"line":100,"column":5}},"43":{"start":{"line":102,"column":4},"end":{"line":102,"column":44}},"44":{"start":{"line":104,"column":4},"end":{"line":126,"column":5}},"45":{"start":{"line":105,"column":24},"end":{"line":105,"column":51}},"46":{"start":{"line":105,"column":46},"end":{"line":105,"column":50}},"47":{"start":{"line":106,"column":27},"end":{"line":106,"column":61}},"48":{"start":{"line":106,"column":47},"end":{"line":106,"column":50}},"49":{"start":{"line":108,"column":23},"end":{"line":111,"column":7}},"50":{"start":{"line":113,"column":6},"end":{"line":113,"column":46}},"51":{"start":{"line":115,"column":6},"end":{"line":125,"column":7}},"52":{"start":{"line":116,"column":22},"end":{"line":116,"column":36}},"53":{"start":{"line":117,"column":8},"end":{"line":124,"column":10}},"54":{"start":{"line":128,"column":4},"end":{"line":128,"column":39}},"55":{"start":{"line":130,"column":4},"end":{"line":130,"column":24}},"56":{"start":{"line":132,"column":20},"end":{"line":132,"column":30}},"57":{"start":{"line":133,"column":4},"end":{"line":133,"column":99}},"58":{"start":{"line":135,"column":4},"end":{"line":135,"column":63}},"59":{"start":{"line":136,"column":4},"end":{"line":136,"column":51}},"60":{"start":{"line":138,"column":4},"end":{"line":138,"column":26}},"61":{"start":{"line":139,"column":4},"end":{"line":139,"column":49}},"62":{"start":{"line":140,"column":4},"end":{"line":140,"column":52}},"63":{"start":{"line":142,"column":4},"end":{"line":142,"column":19}},"64":{"start":{"line":147,"column":21},"end":{"line":153,"column":4}},"65":{"start":{"line":148,"column":4},"end":{"line":148,"column":40}},"66":{"start":{"line":149,"column":4},"end":{"line":149,"column":34}},"67":{"start":{"line":155,"column":24},"end":{"line":161,"column":4}},"68":{"start":{"line":156,"column":4},"end":{"line":156,"column":42}},"69":{"start":{"line":157,"column":4},"end":{"line":157,"column":36}},"70":{"start":{"line":163,"column":2},"end":{"line":163,"column":25}},"71":{"start":{"line":164,"column":2},"end":{"line":164,"column":37}},"72":{"start":{"line":165,"column":2},"end":{"line":165,"column":38}},"73":{"start":{"line":167,"column":2},"end":{"line":167,"column":39}},"74":{"start":{"line":170,"column":0},"end":{"line":176,"column":2}}},"fnMap":{"0":{"name":"cleanupExpiredBottles","decl":{"start":{"line":9,"column":15},"end":{"line":9,"column":36}},"loc":{"start":{"line":9,"column":39},"end":{"line":81,"column":1}},"line":9},"1":{"name":"(anonymous_1)","decl":{"start":{"line":32,"column":43},"end":{"line":32,"column":44}},"loc":{"start":{"line":32,"column":48},"end":{"line":32,"column":52}},"line":32},"2":{"name":"(anonymous_2)","decl":{"start":{"line":33,"column":41},"end":{"line":33,"column":42}},"loc":{"start":{"line":33,"column":47},"end":{"line":33,"column":50}},"line":33},"3":{"name":"cleanupPickLimitBottles","decl":{"start":{"line":83,"column":15},"end":{"line":83,"column":38}},"loc":{"start":{"line":83,"column":41},"end":{"line":144,"column":1}},"line":83},"4":{"name":"(anonymous_4)","decl":{"start":{"line":105,"column":41},"end":{"line":105,"column":42}},"loc":{"start":{"line":105,"column":46},"end":{"line":105,"column":50}},"line":105},"5":{"name":"(anonymous_5)","decl":{"start":{"line":106,"column":41},"end":{"line":106,"column":42}},"loc":{"start":{"line":106,"column":47},"end":{"line":106,"column":50}},"line":106},"6":{"name":"startScheduledTasks","decl":{"start":{"line":146,"column":9},"end":{"line":146,"column":28}},"loc":{"start":{"line":146,"column":31},"end":{"line":168,"column":1}},"line":146},"7":{"name":"(anonymous_7)","decl":{"start":{"line":147,"column":48},"end":{"line":147,"column":49}},"loc":{"start":{"line":147,"column":60},"end":{"line":150,"column":3}},"line":147},"8":{"name":"(anonymous_8)","decl":{"start":{"line":155,"column":54},"end":{"line":155,"column":55}},"loc":{"start":{"line":155,"column":66},"end":{"line":158,"column":3}},"line":155}},"branchMap":{"0":{"loc":{"start":{"line":31,"column":4},"end":{"line":63,"column":5}},"type":"if","locations":[{"start":{"line":31,"column":4},"end":{"line":63,"column":5}},{"start":{},"end":{}}],"line":31},"1":{"loc":{"start":{"line":50,"column":21},"end":{"line":50,"column":45}},"type":"binary-expr","locations":[{"start":{"line":50,"column":21},"end":{"line":50,"column":40}},{"start":{"line":50,"column":44},"end":{"line":50,"column":45}}],"line":50},"2":{"loc":{"start":{"line":104,"column":4},"end":{"line":126,"column":5}},"type":"if","locations":[{"start":{"line":104,"column":4},"end":{"line":126,"column":5}},{"start":{},"end":{}}],"line":104},"3":{"loc":{"start":{"line":113,"column":21},"end":{"line":113,"column":45}},"type":"binary-expr","locations":[{"start":{"line":113,"column":21},"end":{"line":113,"column":40}},{"start":{"line":113,"column":44},"end":{"line":113,"column":45}}],"line":113}},"s":{"0":1,"1":1,"2":1,"3":1,"4":1,"5":1,"6":0,"7":0,"8":0,"9":0,"10":0,"11":0,"12":0,"13":0,"14":0,"15":0,"16":0,"17":0,"18":0,"19":0,"20":0,"21":0,"22":0,"23":0,"24":0,"25":0,"26":0,"27":0,"28":0,"29":0,"30":0,"31":0,"32":0,"33":0,"34":0,"35":0,"36":0,"37":0,"38":0,"39":0,"40":0,"41":0,"42":0,"43":0,"44":0,"45":0,"46":0,"47":0,"48":0,"49":0,"50":0,"51":0,"52":0,"53":0,"54":0,"55":0,"56":0,"57":0,"58":0,"59":0,"60":0,"61":0,"62":0,"63":0,"64":0,"65":0,"66":0,"67":0,"68":0,"69":0,"70":0,"71":0,"72":0,"73":0,"74":1},"f":{"0":0,"1":0,"2":0,"3":0,"4":0,"5":0,"6":0,"7":0,"8":0},"b":{"0":[0,0],"1":[0,0],"2":[0,0],"3":[0,0]},"_coverageSchema":"1a1c01bbd47fc00a2c39e90264f33305004495a9","hash":"7f5fd020419654ddd8af12d80d59e6ed35ce4968"}
,"D:\\AI生成项目\\24漂流瓶\\server\\utils\\helper.js": {"path":"D:\\AI生成项目\\24漂流瓶\\server\\utils\\helper.js","statementMap":{"0":{"start":{"line":1,"column":23},"end":{"line":1,"column":38}},"1":{"start":{"line":3,"column":18},"end":{"line":10,"column":1}},"2":{"start":{"line":12,"column":16},"end":{"line":16,"column":1}},"3":{"start":{"line":19,"column":2},"end":{"line":19,"column":18}},"4":{"start":{"line":23,"column":2},"end":{"line":23,"column":65}},"5":{"start":{"line":27,"column":2},"end":{"line":27,"column":61}},"6":{"start":{"line":31,"column":2},"end":{"line":35,"column":4}},"7":{"start":{"line":38,"column":0},"end":{"line":43,"column":2}}},"fnMap":{"0":{"name":"generateUUID","decl":{"start":{"line":18,"column":9},"end":{"line":18,"column":21}},"loc":{"start":{"line":18,"column":24},"end":{"line":20,"column":1}},"line":18},"1":{"name":"generateNickname","decl":{"start":{"line":22,"column":9},"end":{"line":22,"column":25}},"loc":{"start":{"line":22,"column":28},"end":{"line":24,"column":1}},"line":22},"2":{"name":"generateAvatar","decl":{"start":{"line":26,"column":9},"end":{"line":26,"column":23}},"loc":{"start":{"line":26,"column":26},"end":{"line":28,"column":1}},"line":26},"3":{"name":"generateResponse","decl":{"start":{"line":30,"column":9},"end":{"line":30,"column":25}},"loc":{"start":{"line":30,"column":62},"end":{"line":36,"column":1}},"line":30}},"branchMap":{"0":{"loc":{"start":{"line":30,"column":35},"end":{"line":30,"column":46}},"type":"default-arg","locations":[{"start":{"line":30,"column":42},"end":{"line":30,"column":46}}],"line":30},"1":{"loc":{"start":{"line":30,"column":48},"end":{"line":30,"column":60}},"type":"default-arg","locations":[{"start":{"line":30,"column":58},"end":{"line":30,"column":60}}],"line":30}},"s":{"0":1,"1":1,"2":1,"3":24,"4":2,"5":2,"6":18,"7":1},"f":{"0":24,"1":2,"2":2,"3":18},"b":{"0":[0],"1":[0]},"_coverageSchema":"1a1c01bbd47fc00a2c39e90264f33305004495a9","hash":"8c9695ada3550b0dedadad309bc4f29955b3f2ec"}
}
