TN:
SF:routes\bottle.js
FN:18,(anonymous_0)
FN:21,(anonymous_1)
FN:30,(anonymous_2)
FN:40,getLocalDateStr
FN:45,ensureDailyStat
FN:59,getDailyCount
FN:67,addCoins
FN:80,(anonymous_7)
FN:102,(anonymous_8)
FN:103,(anonymous_9)
FN:125,(anonymous_10)
FN:204,buildFilterQuery
FN:283,calculateAge
FN:295,getPickerInfo
FN:314,hasPickedBottle
FN:323,(anonymous_15)
FN:341,getPinnedBottles
FN:393,(anonymous_17)
FN:506,(anonymous_18)
FN:530,(anonymous_19)
FN:587,(anonymous_20)
FN:713,(anonymous_21)
FN:823,(anonymous_22)
FN:856,(anonymous_23)
FN:858,(anonymous_24)
FN:882,(anonymous_25)
FN:887,(anonymous_26)
FN:891,(anonymous_27)
FN:904,(anonymous_28)
FN:916,(anonymous_29)
FN:925,(anonymous_30)
FN:972,(anonymous_31)
FN:1003,(anonymous_32)
FNF:33
FNH:21
FNDA:0,(anonymous_0)
FNDA:0,(anonymous_1)
FNDA:0,(anonymous_2)
FNDA:15,getLocalDateStr
FNDA:14,ensureDailyStat
FNDA:15,getDailyCount
FNDA:0,addCoins
FNDA:1,(anonymous_7)
FNDA:0,(anonymous_8)
FNDA:0,(anonymous_9)
FNDA:16,(anonymous_10)
FNDA:1,buildFilterQuery
FNDA:1,calculateAge
FNDA:1,getPickerInfo
FNDA:1,hasPickedBottle
FNDA:0,(anonymous_15)
FNDA:1,getPinnedBottles
FNDA:1,(anonymous_17)
FNDA:0,(anonymous_18)
FNDA:0,(anonymous_19)
FNDA:4,(anonymous_20)
FNDA:5,(anonymous_21)
FNDA:1,(anonymous_22)
FNDA:5,(anonymous_23)
FNDA:5,(anonymous_24)
FNDA:0,(anonymous_25)
FNDA:0,(anonymous_26)
FNDA:5,(anonymous_27)
FNDA:5,(anonymous_28)
FNDA:4,(anonymous_29)
FNDA:5,(anonymous_30)
FNDA:0,(anonymous_31)
FNDA:2,(anonymous_32)
DA:1,1
DA:2,1
DA:3,1
DA:4,1
DA:5,1
DA:6,1
DA:7,1
DA:8,1
DA:10,1
DA:11,1
DA:12,1
DA:13,1
DA:15,1
DA:17,1
DA:19,0
DA:22,0
DA:23,0
DA:27,1
DA:31,0
DA:32,0
DA:33,0
DA:35,0
DA:41,15
DA:42,15
DA:46,14
DA:50,14
DA:51,2
DA:52,2
DA:60,15
DA:64,15
DA:68,0
DA:69,0
DA:73,0
DA:74,0
DA:80,1
DA:81,1
DA:82,1
DA:83,1
DA:85,1
DA:86,1
DA:88,1
DA:97,0
DA:98,0
DA:102,1
DA:103,0
DA:104,0
DA:105,0
DA:106,0
DA:108,0
DA:111,0
DA:112,0
DA:115,0
DA:116,0
DA:117,0
DA:119,0
DA:120,0
DA:125,1
DA:126,16
DA:127,16
DA:128,16
DA:130,16
DA:131,16
DA:133,16
DA:134,1
DA:135,1
DA:138,15
DA:139,1
DA:140,1
DA:143,14
DA:144,1
DA:145,1
DA:148,13
DA:149,13
DA:151,13
DA:152,1
DA:153,1
DA:156,12
DA:157,12
DA:158,12
DA:160,12
DA:161,0
DA:162,0
DA:165,12
DA:167,12
DA:173,12
DA:178,12
DA:183,12
DA:185,12
DA:197,0
DA:198,0
DA:200,16
DA:205,1
DA:206,1
DA:208,1
DA:209,1
DA:210,0
DA:211,0
DA:214,1
DA:215,0
DA:216,0
DA:217,0
DA:218,0
DA:222,1
DA:223,1
DA:224,0
DA:225,0
DA:228,1
DA:229,0
DA:235,0
DA:236,0
DA:237,0
DA:240,1
DA:243,1
DA:244,0
DA:245,0
DA:246,0
DA:247,0
DA:248,0
DA:251,0
DA:252,0
DA:253,0
DA:254,0
DA:255,0
DA:256,0
DA:260,1
DA:261,0
DA:266,0
DA:267,0
DA:272,1
DA:273,1
DA:277,1
DA:284,1
DA:285,0
DA:286,0
DA:287,0
DA:288,0
DA:289,0
DA:290,0
DA:292,0
DA:296,1
DA:300,1
DA:301,1
DA:302,1
DA:308,1
DA:315,1
DA:316,1
DA:320,1
DA:323,1
DA:324,0
DA:325,0
DA:326,0
DA:328,0
DA:329,0
DA:330,0
DA:332,0
DA:336,0
DA:337,0
DA:342,1
DA:349,1
DA:351,1
DA:352,1
DA:353,0
DA:354,0
DA:357,1
DA:358,0
DA:359,0
DA:360,0
DA:361,0
DA:365,1
DA:366,1
DA:367,0
DA:368,0
DA:371,1
DA:372,0
DA:378,0
DA:379,0
DA:380,0
DA:384,1
DA:385,1
DA:387,1
DA:389,1
DA:390,1
DA:393,1
DA:394,1
DA:395,1
DA:396,1
DA:398,1
DA:399,1
DA:401,1
DA:402,1
DA:403,1
DA:405,1
DA:406,0
DA:407,0
DA:410,1
DA:412,1
DA:413,1
DA:415,1
DA:417,1
DA:418,1
DA:419,0
DA:420,0
DA:421,0
DA:425,1
DA:426,0
DA:427,0
DA:428,0
DA:430,1
DA:431,1
DA:433,1
DA:435,1
DA:436,0
DA:437,0
DA:440,1
DA:443,1
DA:444,1
DA:445,0
DA:446,0
DA:449,1
DA:450,1
DA:455,1
DA:460,1
DA:465,1
DA:470,1
DA:472,1
DA:473,1
DA:475,1
DA:498,0
DA:499,0
DA:500,0
DA:502,1
DA:506,1
DA:507,0
DA:508,0
DA:510,0
DA:511,0
DA:514,0
DA:519,0
DA:523,0
DA:525,0
DA:526,0
DA:530,1
DA:531,0
DA:532,0
DA:533,0
DA:535,0
DA:536,0
DA:538,0
DA:539,0
DA:540,0
DA:543,0
DA:548,0
DA:549,0
DA:550,0
DA:553,0
DA:555,0
DA:560,0
DA:561,0
DA:566,0
DA:570,0
DA:572,0
DA:579,0
DA:580,0
DA:581,0
DA:583,0
DA:587,1
DA:588,4
DA:589,4
DA:590,4
DA:592,4
DA:593,4
DA:595,4
DA:596,0
DA:597,0
DA:600,4
DA:607,4
DA:608,1
DA:609,1
DA:612,3
DA:614,3
DA:615,1
DA:616,1
DA:619,2
DA:620,2
DA:621,2
DA:623,2
DA:624,0
DA:625,0
DA:628,2
DA:633,2
DA:634,0
DA:635,0
DA:638,2
DA:643,2
DA:644,0
DA:645,0
DA:648,2
DA:649,1
DA:650,1
DA:653,1
DA:658,1
DA:659,1
DA:664,1
DA:665,1
DA:666,1
DA:671,1
DA:676,1
DA:681,1
DA:682,1
DA:691,1
DA:696,1
DA:698,1
DA:705,0
DA:706,0
DA:707,0
DA:709,4
DA:713,1
DA:714,5
DA:715,5
DA:716,5
DA:718,5
DA:719,5
DA:721,5
DA:722,0
DA:723,0
DA:726,5
DA:733,5
DA:734,1
DA:735,1
DA:738,4
DA:740,4
DA:741,1
DA:742,1
DA:745,3
DA:746,0
DA:747,0
DA:750,3
DA:751,1
DA:752,1
DA:755,2
DA:756,0
DA:757,0
DA:760,2
DA:765,2
DA:766,0
DA:767,0
DA:770,2
DA:771,0
DA:772,0
DA:775,2
DA:780,2
DA:781,2
DA:786,2
DA:791,2
DA:792,2
DA:800,2
DA:805,2
DA:807,2
DA:815,0
DA:816,0
DA:817,0
DA:819,5
DA:823,1
DA:824,1
DA:825,1
DA:827,1
DA:840,1
DA:854,1
DA:856,5
DA:857,1
DA:858,5
DA:860,1
DA:873,1
DA:881,1
DA:882,1
DA:883,0
DA:886,1
DA:887,1
DA:888,0
DA:891,1
DA:892,5
DA:893,5
DA:904,1
DA:905,5
DA:906,0
DA:907,0
DA:908,0
DA:909,0
DA:910,0
DA:913,5
DA:916,4
DA:918,1
DA:920,0
DA:921,0
DA:925,1
DA:926,5
DA:927,5
DA:928,5
DA:930,5
DA:931,0
DA:934,5
DA:946,5
DA:947,1
DA:950,4
DA:952,4
DA:953,4
DA:954,4
DA:955,4
DA:956,4
DA:957,4
DA:958,4
DA:959,4
DA:960,4
DA:963,4
DA:965,4
DA:967,0
DA:968,0
DA:972,1
DA:973,0
DA:974,0
DA:975,0
DA:977,0
DA:978,0
DA:981,0
DA:986,0
DA:987,0
DA:990,0
DA:991,0
DA:994,0
DA:996,0
DA:998,0
DA:999,0
DA:1003,1
DA:1004,2
DA:1005,2
DA:1006,2
DA:1008,2
DA:1009,0
DA:1012,2
DA:1017,2
DA:1018,0
DA:1021,2
DA:1022,1
DA:1023,1
DA:1026,1
DA:1027,0
DA:1031,0
DA:1034,1
DA:1036,0
DA:1037,0
DA:1041,1
LF:451
LH:265
BRDA:32,0,0,0
BRDA:32,0,1,0
BRDA:41,1,0,15
BRDA:41,1,1,15
BRDA:50,2,0,2
BRDA:50,2,1,12
BRDA:64,3,0,15
BRDA:64,3,1,0
BRDA:68,4,0,0
BRDA:68,4,1,0
BRDA:104,5,0,0
BRDA:104,5,1,0
BRDA:105,6,0,0
BRDA:105,6,1,0
BRDA:108,7,0,0
BRDA:108,7,1,0
BRDA:111,8,0,0
BRDA:111,8,1,0
BRDA:133,9,0,1
BRDA:133,9,1,15
BRDA:133,10,0,16
BRDA:133,10,1,15
BRDA:138,11,0,1
BRDA:138,11,1,14
BRDA:138,12,0,15
BRDA:138,12,1,1
BRDA:143,13,0,1
BRDA:143,13,1,13
BRDA:143,14,0,14
BRDA:143,14,1,1
BRDA:148,15,0,1
BRDA:148,15,1,12
BRDA:149,16,0,1
BRDA:149,16,1,12
BRDA:151,17,0,1
BRDA:151,17,1,12
BRDA:151,18,0,13
BRDA:151,18,1,1
BRDA:151,18,2,1
BRDA:160,19,0,0
BRDA:160,19,1,12
BRDA:170,20,0,12
BRDA:170,20,1,12
BRDA:170,21,0,12
BRDA:170,21,1,12
BRDA:170,22,0,12
BRDA:170,22,1,12
BRDA:180,23,0,12
BRDA:180,23,1,12
BRDA:188,24,0,12
BRDA:188,24,1,12
BRDA:189,25,0,12
BRDA:189,25,1,12
BRDA:190,26,0,12
BRDA:190,26,1,12
BRDA:204,27,0,0
BRDA:204,28,0,0
BRDA:208,29,0,1
BRDA:208,29,1,0
BRDA:209,30,0,0
BRDA:209,30,1,1
BRDA:214,31,0,0
BRDA:214,31,1,1
BRDA:214,32,0,1
BRDA:214,32,1,0
BRDA:222,33,0,1
BRDA:222,33,1,0
BRDA:223,34,0,0
BRDA:223,34,1,1
BRDA:223,35,0,1
BRDA:223,35,1,0
BRDA:228,36,0,0
BRDA:228,36,1,1
BRDA:228,37,0,1
BRDA:228,37,1,0
BRDA:235,38,0,0
BRDA:235,38,1,0
BRDA:240,39,0,1
BRDA:240,39,1,0
BRDA:240,39,2,0
BRDA:240,39,3,1
BRDA:240,39,4,0
BRDA:240,39,5,0
BRDA:243,40,0,0
BRDA:243,40,1,1
BRDA:244,41,0,0
BRDA:244,41,1,0
BRDA:244,42,0,0
BRDA:244,42,1,0
BRDA:251,43,0,0
BRDA:251,43,1,0
BRDA:251,44,0,0
BRDA:251,44,1,0
BRDA:260,45,0,0
BRDA:260,45,1,1
BRDA:260,46,0,1
BRDA:260,46,1,0
BRDA:266,47,0,0
BRDA:266,47,1,0
BRDA:273,48,0,0
BRDA:273,48,1,1
BRDA:284,49,0,1
BRDA:284,49,1,0
BRDA:289,50,0,0
BRDA:289,50,1,0
BRDA:289,51,0,0
BRDA:289,51,1,0
BRDA:289,51,2,0
BRDA:292,52,0,0
BRDA:292,52,1,0
BRDA:292,53,0,0
BRDA:292,53,1,0
BRDA:300,54,0,0
BRDA:300,54,1,1
BRDA:309,55,0,1
BRDA:309,55,1,1
BRDA:315,56,0,1
BRDA:315,56,1,0
BRDA:326,57,0,0
BRDA:326,57,1,0
BRDA:333,58,0,0
BRDA:333,58,1,0
BRDA:351,59,0,1
BRDA:351,59,1,0
BRDA:352,60,0,0
BRDA:352,60,1,1
BRDA:357,61,0,0
BRDA:357,61,1,1
BRDA:357,62,0,1
BRDA:357,62,1,0
BRDA:365,63,0,1
BRDA:365,63,1,0
BRDA:366,64,0,0
BRDA:366,64,1,1
BRDA:366,65,0,1
BRDA:366,65,1,0
BRDA:371,66,0,0
BRDA:371,66,1,1
BRDA:371,67,0,1
BRDA:371,67,1,0
BRDA:378,68,0,0
BRDA:378,68,1,0
BRDA:399,69,0,1
BRDA:399,69,1,0
BRDA:405,70,0,0
BRDA:405,70,1,1
BRDA:420,71,0,0
BRDA:420,71,1,0
BRDA:425,72,0,0
BRDA:425,72,1,1
BRDA:435,73,0,0
BRDA:435,73,1,1
BRDA:444,74,0,0
BRDA:444,74,1,1
BRDA:467,75,0,1
BRDA:467,75,1,1
BRDA:472,76,0,1
BRDA:472,76,1,1
BRDA:496,77,0,0
BRDA:496,77,1,1
BRDA:510,78,0,0
BRDA:510,78,1,0
BRDA:538,79,0,0
BRDA:538,79,1,0
BRDA:538,80,0,0
BRDA:538,80,1,0
BRDA:538,80,2,0
BRDA:548,81,0,0
BRDA:548,81,1,0
BRDA:595,82,0,0
BRDA:595,82,1,4
BRDA:607,83,0,1
BRDA:607,83,1,3
BRDA:614,84,0,1
BRDA:614,84,1,2
BRDA:623,85,0,0
BRDA:623,85,1,2
BRDA:633,86,0,0
BRDA:633,86,1,2
BRDA:643,87,0,0
BRDA:643,87,1,2
BRDA:648,88,0,1
BRDA:648,88,1,1
BRDA:721,89,0,0
BRDA:721,89,1,5
BRDA:733,90,0,1
BRDA:733,90,1,4
BRDA:740,91,0,1
BRDA:740,91,1,3
BRDA:745,92,0,0
BRDA:745,92,1,3
BRDA:750,93,0,1
BRDA:750,93,1,2
BRDA:755,94,0,0
BRDA:755,94,1,2
BRDA:765,95,0,0
BRDA:765,95,1,2
BRDA:770,96,0,0
BRDA:770,96,1,2
BRDA:857,97,0,1
BRDA:857,97,1,0
BRDA:895,98,0,0
BRDA:895,98,1,5
BRDA:896,99,0,0
BRDA:896,99,1,5
BRDA:897,100,0,0
BRDA:897,100,1,5
BRDA:898,101,0,0
BRDA:898,101,1,5
BRDA:899,102,0,5
BRDA:899,102,1,5
BRDA:905,103,0,0
BRDA:905,103,1,5
BRDA:907,104,0,0
BRDA:907,104,1,0
BRDA:909,105,0,0
BRDA:909,105,1,0
BRDA:930,106,0,0
BRDA:930,106,1,5
BRDA:946,107,0,1
BRDA:946,107,1,4
BRDA:952,108,0,4
BRDA:952,108,1,0
BRDA:956,109,0,4
BRDA:956,109,1,4
BRDA:956,109,2,4
BRDA:959,110,0,4
BRDA:959,110,1,4
BRDA:959,110,2,4
BRDA:977,111,0,0
BRDA:977,111,1,0
BRDA:986,112,0,0
BRDA:986,112,1,0
BRDA:990,113,0,0
BRDA:990,113,1,0
BRDA:1008,114,0,0
BRDA:1008,114,1,2
BRDA:1017,115,0,0
BRDA:1017,115,1,2
BRDA:1021,116,0,1
BRDA:1021,116,1,1
BRDA:1026,117,0,0
BRDA:1026,117,1,1
BRF:243
BRH:124
end_of_record
TN:
SF:utils\bottleLogger.js
FN:15,logOperation
FN:30,logCleanup
FNF:2
FNH:2
FNDA:15,logOperation
FNDA:4,logCleanup
DA:1,3
DA:2,3
DA:4,3
DA:16,15
DA:17,15
DA:18,15
DA:19,15
DA:23,15
DA:25,0
DA:26,0
DA:31,4
DA:32,4
DA:33,4
DA:34,4
DA:38,4
DA:40,0
DA:41,0
DA:45,3
LF:18
LH:14
BRDA:15,0,0,1
BRDA:15,1,0,1
BRDA:15,2,0,2
BRDA:17,3,0,15
BRDA:17,3,1,2
BRDA:21,4,0,14
BRDA:21,4,1,1
BRDA:30,5,0,0
BRDA:30,6,0,4
BRDA:32,7,0,4
BRDA:32,7,1,4
BRDA:36,8,0,4
BRDA:36,8,1,0
BRF:13
BRH:11
end_of_record
TN:
SF:utils\bottleScheduler.js
FN:9,cleanupExpiredBottles
FN:32,(anonymous_1)
FN:33,(anonymous_2)
FN:83,cleanupPickLimitBottles
FN:105,(anonymous_4)
FN:106,(anonymous_5)
FN:146,startScheduledTasks
FN:147,(anonymous_7)
FN:155,(anonymous_8)
FNF:9
FNH:4
FNDA:2,cleanupExpiredBottles
FNDA:1,(anonymous_1)
FNDA:1,(anonymous_2)
FNDA:1,cleanupPickLimitBottles
FNDA:0,(anonymous_4)
FNDA:0,(anonymous_5)
FNDA:0,startScheduledTasks
FNDA:0,(anonymous_7)
FNDA:0,(anonymous_8)
DA:1,2
DA:2,2
DA:3,2
DA:4,2
DA:6,2
DA:7,2
DA:10,2
DA:11,2
DA:12,2
DA:13,2
DA:15,2
DA:16,2
DA:18,2
DA:29,2
DA:31,2
DA:32,1
DA:33,1
DA:35,1
DA:40,1
DA:45,1
DA:50,1
DA:52,1
DA:53,1
DA:54,1
DA:65,2
DA:67,2
DA:69,2
DA:70,2
DA:72,2
DA:73,2
DA:75,0
DA:76,0
DA:77,0
DA:79,2
DA:84,1
DA:85,1
DA:86,1
DA:87,1
DA:89,1
DA:90,1
DA:92,1
DA:102,1
DA:104,1
DA:105,0
DA:106,0
DA:108,0
DA:113,0
DA:115,0
DA:116,0
DA:117,0
DA:128,1
DA:130,1
DA:132,1
DA:133,1
DA:135,1
DA:136,1
DA:138,0
DA:139,0
DA:140,0
DA:142,1
DA:147,0
DA:148,0
DA:149,0
DA:155,0
DA:156,0
DA:157,0
DA:163,0
DA:164,0
DA:165,0
DA:167,0
DA:170,2
LF:71
LH:48
BRDA:31,0,0,1
BRDA:31,0,1,1
BRDA:50,1,0,1
BRDA:50,1,1,0
BRDA:104,2,0,0
BRDA:104,2,1,1
BRDA:113,3,0,0
BRDA:113,3,1,0
BRF:8
BRH:4
end_of_record
